{"C:\\Users\\JOSE LUIS\\OneDrive\\Escritorio\\PROYECTO FINAL-ANGULAR\\backend\\server.js": {"path":"C:\\Users\\JOSE LUIS\\OneDrive\\Escritorio\\PROYECTO FINAL-ANGULAR\\backend\\server.js","statementMap":{"0":{"start":{"line":1,"column":15},"end":{"line":1,"column":32}},"1":{"start":{"line":3,"column":13},"end":{"line":3,"column":28}},"2":{"start":{"line":4,"column":0},"end":{"line":4,"column":65}},"3":{"start":{"line":6,"column":0},"end":{"line":9,"column":3}},"4":{"start":{"line":11,"column":16},"end":{"line":11,"column":34}},"5":{"start":{"line":12,"column":13},"end":{"line":12,"column":28}},"6":{"start":{"line":13,"column":18},"end":{"line":13,"column":40}},"7":{"start":{"line":15,"column":19},"end":{"line":15,"column":53}},"8":{"start":{"line":16,"column":22},"end":{"line":16,"column":56}},"9":{"start":{"line":19,"column":12},"end":{"line":19,"column":21}},"10":{"start":{"line":23,"column":23},"end":{"line":32,"column":1}},"11":{"start":{"line":34,"column":20},"end":{"line":47,"column":1}},"12":{"start":{"line":37,"column":4},"end":{"line":37,"column":45}},"13":{"start":{"line":37,"column":17},"end":{"line":37,"column":45}},"14":{"start":{"line":39,"column":4},"end":{"line":39,"column":69}},"15":{"start":{"line":39,"column":41},"end":{"line":39,"column":69}},"16":{"start":{"line":42,"column":4},"end":{"line":42,"column":33}},"17":{"start":{"line":49,"column":0},"end":{"line":49,"column":27}},"18":{"start":{"line":53,"column":0},"end":{"line":53,"column":37}},"19":{"start":{"line":59,"column":0},"end":{"line":59,"column":24}},"20":{"start":{"line":62,"column":0},"end":{"line":64,"column":1}},"21":{"start":{"line":63,"column":0},"end":{"line":63,"column":12}},"22":{"start":{"line":67,"column":0},"end":{"line":69,"column":3}},"23":{"start":{"line":68,"column":4},"end":{"line":68,"column":54}},"24":{"start":{"line":73,"column":0},"end":{"line":73,"column":34}},"25":{"start":{"line":75,"column":0},"end":{"line":75,"column":41}},"26":{"start":{"line":77,"column":0},"end":{"line":77,"column":60}},"27":{"start":{"line":79,"column":0},"end":{"line":79,"column":56}},"28":{"start":{"line":81,"column":0},"end":{"line":81,"column":64}},"29":{"start":{"line":83,"column":0},"end":{"line":83,"column":83}},"30":{"start":{"line":85,"column":0},"end":{"line":85,"column":50}},"31":{"start":{"line":89,"column":0},"end":{"line":94,"column":1}},"32":{"start":{"line":90,"column":13},"end":{"line":90,"column":45}},"33":{"start":{"line":91,"column":0},"end":{"line":93,"column":3}},"34":{"start":{"line":92,"column":4},"end":{"line":92,"column":53}},"35":{"start":{"line":96,"column":0},"end":{"line":96,"column":21}}},"fnMap":{"0":{"name":"(anonymous_0)","decl":{"start":{"line":35,"column":10},"end":{"line":35,"column":11}},"loc":{"start":{"line":35,"column":32},"end":{"line":43,"column":3}},"line":35},"1":{"name":"(anonymous_1)","decl":{"start":{"line":67,"column":23},"end":{"line":67,"column":24}},"loc":{"start":{"line":67,"column":37},"end":{"line":69,"column":1}},"line":67},"2":{"name":"(anonymous_2)","decl":{"start":{"line":91,"column":28},"end":{"line":91,"column":29}},"loc":{"start":{"line":91,"column":34},"end":{"line":93,"column":1}},"line":91}},"branchMap":{"0":{"loc":{"start":{"line":8,"column":14},"end":{"line":8,"column":55}},"type":"cond-expr","locations":[{"start":{"line":8,"column":39},"end":{"line":8,"column":43}},{"start":{"line":8,"column":46},"end":{"line":8,"column":55}}],"line":8},"1":{"loc":{"start":{"line":37,"column":4},"end":{"line":37,"column":45}},"type":"if","locations":[{"start":{"line":37,"column":4},"end":{"line":37,"column":45}},{"start":{},"end":{}}],"line":37},"2":{"loc":{"start":{"line":39,"column":4},"end":{"line":39,"column":69}},"type":"if","locations":[{"start":{"line":39,"column":4},"end":{"line":39,"column":69}},{"start":{},"end":{}}],"line":39},"3":{"loc":{"start":{"line":62,"column":0},"end":{"line":64,"column":1}},"type":"if","locations":[{"start":{"line":62,"column":0},"end":{"line":64,"column":1}},{"start":{},"end":{}}],"line":62},"4":{"loc":{"start":{"line":89,"column":0},"end":{"line":94,"column":1}},"type":"if","locations":[{"start":{"line":89,"column":0},"end":{"line":94,"column":1}},{"start":{},"end":{}}],"line":89},"5":{"loc":{"start":{"line":90,"column":13},"end":{"line":90,"column":45}},"type":"binary-expr","locations":[{"start":{"line":90,"column":13},"end":{"line":90,"column":37}},{"start":{"line":90,"column":41},"end":{"line":90,"column":45}}],"line":90}},"s":{"0":3,"1":3,"2":3,"3":3,"4":3,"5":3,"6":3,"7":3,"8":3,"9":3,"10":3,"11":3,"12":22,"13":22,"14":0,"15":0,"16":0,"17":3,"18":3,"19":3,"20":3,"21":0,"22":3,"23":0,"24":3,"25":3,"26":3,"27":3,"28":3,"29":3,"30":3,"31":3,"32":0,"33":0,"34":0,"35":3},"f":{"0":22,"1":0,"2":0},"b":{"0":[3,0],"1":[22,0],"2":[0,0],"3":[0,3],"4":[0,3],"5":[0,0]},"_coverageSchema":"1a1c01bbd47fc00a2c39e90264f33305004495a9","hash":"9ca31da63b28320163fcab47496933eb6351e817"}
,"C:\\Users\\JOSE LUIS\\OneDrive\\Escritorio\\PROYECTO FINAL-ANGULAR\\backend\\config\\db.js": {"path":"C:\\Users\\JOSE LUIS\\OneDrive\\Escritorio\\PROYECTO FINAL-ANGULAR\\backend\\config\\db.js","statementMap":{"0":{"start":{"line":1,"column":17},"end":{"line":1,"column":36}},"1":{"start":{"line":3,"column":18},"end":{"line":15,"column":1}},"2":{"start":{"line":4,"column":2},"end":{"line":14,"column":3}},"3":{"start":{"line":5,"column":4},"end":{"line":5,"column":50}},"4":{"start":{"line":8,"column":4},"end":{"line":8,"column":57}},"5":{"start":{"line":9,"column":4},"end":{"line":9,"column":55}},"6":{"start":{"line":10,"column":4},"end":{"line":10,"column":37}},"7":{"start":{"line":12,"column":4},"end":{"line":12,"column":54}},"8":{"start":{"line":13,"column":4},"end":{"line":13,"column":20}},"9":{"start":{"line":17,"column":0},"end":{"line":17,"column":27}}},"fnMap":{"0":{"name":"(anonymous_0)","decl":{"start":{"line":3,"column":18},"end":{"line":3,"column":19}},"loc":{"start":{"line":3,"column":30},"end":{"line":15,"column":1}},"line":3}},"branchMap":{},"s":{"0":3,"1":3,"2":0,"3":0,"4":0,"5":0,"6":0,"7":0,"8":0,"9":3},"f":{"0":0},"b":{},"_coverageSchema":"1a1c01bbd47fc00a2c39e90264f33305004495a9","hash":"56a91f15fa9fdbd84c978dbf2a5519f06d40287d"}
,"C:\\Users\\JOSE LUIS\\OneDrive\\Escritorio\\PROYECTO FINAL-ANGULAR\\backend\\controllers\\backend.controller.js": {"path":"C:\\Users\\JOSE LUIS\\OneDrive\\Escritorio\\PROYECTO FINAL-ANGULAR\\backend\\controllers\\backend.controller.js","statementMap":{"0":{"start":{"line":1,"column":20},"end":{"line":1,"column":55}},"1":{"start":{"line":2,"column":13},"end":{"line":2,"column":47}},"2":{"start":{"line":3,"column":31},"end":{"line":3,"column":67}},"3":{"start":{"line":6,"column":0},"end":{"line":38,"column":1}},"4":{"start":{"line":7,"column":5},"end":{"line":37,"column":1}},"5":{"start":{"line":9,"column":4},"end":{"line":9,"column":46}},"6":{"start":{"line":11,"column":25},"end":{"line":11,"column":65}},"7":{"start":{"line":14,"column":2},"end":{"line":19,"column":3}},"8":{"start":{"line":15,"column":4},"end":{"line":15,"column":72}},"9":{"start":{"line":18,"column":4},"end":{"line":18,"column":59}},"10":{"start":{"line":21,"column":4},"end":{"line":24,"column":7}},"11":{"start":{"line":27,"column":4},"end":{"line":27,"column":50}},"12":{"start":{"line":30,"column":4},"end":{"line":32,"column":5}},"13":{"start":{"line":31,"column":6},"end":{"line":31,"column":70}},"14":{"start":{"line":34,"column":4},"end":{"line":36,"column":7}},"15":{"start":{"line":41,"column":0},"end":{"line":49,"column":2}},"16":{"start":{"line":42,"column":4},"end":{"line":48,"column":5}},"17":{"start":{"line":43,"column":23},"end":{"line":43,"column":60}},"18":{"start":{"line":44,"column":8},"end":{"line":44,"column":37}},"19":{"start":{"line":46,"column":8},"end":{"line":46,"column":51}},"20":{"start":{"line":47,"column":8},"end":{"line":47,"column":112}},"21":{"start":{"line":52,"column":0},"end":{"line":60,"column":1}},"22":{"start":{"line":53,"column":4},"end":{"line":59,"column":5}},"23":{"start":{"line":54,"column":22},"end":{"line":54,"column":59}},"24":{"start":{"line":55,"column":8},"end":{"line":55,"column":24}},"25":{"start":{"line":57,"column":8},"end":{"line":57,"column":59}},"26":{"start":{"line":58,"column":8},"end":{"line":58,"column":69}},"27":{"start":{"line":62,"column":0},"end":{"line":71,"column":1}},"28":{"start":{"line":63,"column":4},"end":{"line":70,"column":5}},"29":{"start":{"line":64,"column":23},"end":{"line":64,"column":33}},"30":{"start":{"line":65,"column":8},"end":{"line":65,"column":41}},"31":{"start":{"line":66,"column":8},"end":{"line":66,"column":71}},"32":{"start":{"line":68,"column":8},"end":{"line":68,"column":59}},"33":{"start":{"line":69,"column":8},"end":{"line":69,"column":69}},"34":{"start":{"line":74,"column":0},"end":{"line":100,"column":2}},"35":{"start":{"line":75,"column":4},"end":{"line":99,"column":5}},"36":{"start":{"line":76,"column":23},"end":{"line":76,"column":34}},"37":{"start":{"line":77,"column":33},"end":{"line":77,"column":41}},"38":{"start":{"line":79,"column":8},"end":{"line":86,"column":9}},"39":{"start":{"line":80,"column":28},"end":{"line":84,"column":33}},"40":{"start":{"line":85,"column":12},"end":{"line":85,"column":38}},"41":{"start":{"line":87,"column":8},"end":{"line":94,"column":9}},"42":{"start":{"line":88,"column":28},"end":{"line":92,"column":33}},"43":{"start":{"line":93,"column":12},"end":{"line":93,"column":38}},"44":{"start":{"line":95,"column":8},"end":{"line":95,"column":105}},"45":{"start":{"line":97,"column":8},"end":{"line":97,"column":61}},"46":{"start":{"line":98,"column":8},"end":{"line":98,"column":71}},"47":{"start":{"line":105,"column":0},"end":{"line":114,"column":2}},"48":{"start":{"line":106,"column":2},"end":{"line":113,"column":3}},"49":{"start":{"line":107,"column":19},"end":{"line":107,"column":56}},"50":{"start":{"line":108,"column":4},"end":{"line":108,"column":33}},"51":{"start":{"line":111,"column":4},"end":{"line":111,"column":51}},"52":{"start":{"line":112,"column":4},"end":{"line":112,"column":108}},"53":{"start":{"line":116,"column":0},"end":{"line":124,"column":2}},"54":{"start":{"line":117,"column":2},"end":{"line":123,"column":3}},"55":{"start":{"line":118,"column":19},"end":{"line":118,"column":60}},"56":{"start":{"line":119,"column":4},"end":{"line":119,"column":33}},"57":{"start":{"line":121,"column":4},"end":{"line":121,"column":57}},"58":{"start":{"line":122,"column":4},"end":{"line":122,"column":108}}},"fnMap":{"0":{"name":"(anonymous_0)","decl":{"start":{"line":6,"column":19},"end":{"line":6,"column":20}},"loc":{"start":{"line":6,"column":40},"end":{"line":38,"column":1}},"line":6},"1":{"name":"(anonymous_1)","decl":{"start":{"line":41,"column":16},"end":{"line":41,"column":17}},"loc":{"start":{"line":41,"column":37},"end":{"line":49,"column":1}},"line":41},"2":{"name":"(anonymous_2)","decl":{"start":{"line":52,"column":19},"end":{"line":52,"column":20}},"loc":{"start":{"line":52,"column":39},"end":{"line":60,"column":1}},"line":52},"3":{"name":"(anonymous_3)","decl":{"start":{"line":62,"column":21},"end":{"line":62,"column":22}},"loc":{"start":{"line":62,"column":41},"end":{"line":71,"column":1}},"line":62},"4":{"name":"(anonymous_4)","decl":{"start":{"line":74,"column":28},"end":{"line":74,"column":29}},"loc":{"start":{"line":74,"column":48},"end":{"line":100,"column":1}},"line":74},"5":{"name":"(anonymous_5)","decl":{"start":{"line":105,"column":20},"end":{"line":105,"column":21}},"loc":{"start":{"line":105,"column":40},"end":{"line":114,"column":1}},"line":105},"6":{"name":"(anonymous_6)","decl":{"start":{"line":116,"column":20},"end":{"line":116,"column":21}},"loc":{"start":{"line":116,"column":40},"end":{"line":124,"column":1}},"line":116}},"branchMap":{"0":{"loc":{"start":{"line":30,"column":4},"end":{"line":32,"column":5}},"type":"if","locations":[{"start":{"line":30,"column":4},"end":{"line":32,"column":5}},{"start":{},"end":{}}],"line":30},"1":{"loc":{"start":{"line":34,"column":22},"end":{"line":34,"column":41}},"type":"binary-expr","locations":[{"start":{"line":34,"column":22},"end":{"line":34,"column":34}},{"start":{"line":34,"column":38},"end":{"line":34,"column":41}}],"line":34},"2":{"loc":{"start":{"line":35,"column":15},"end":{"line":35,"column":60}},"type":"binary-expr","locations":[{"start":{"line":35,"column":15},"end":{"line":35,"column":28}},{"start":{"line":35,"column":32},"end":{"line":35,"column":60}}],"line":35},"3":{"loc":{"start":{"line":47,"column":26},"end":{"line":47,"column":45}},"type":"binary-expr","locations":[{"start":{"line":47,"column":26},"end":{"line":47,"column":38}},{"start":{"line":47,"column":42},"end":{"line":47,"column":45}}],"line":47},"4":{"loc":{"start":{"line":47,"column":63},"end":{"line":47,"column":108}},"type":"binary-expr","locations":[{"start":{"line":47,"column":63},"end":{"line":47,"column":76}},{"start":{"line":47,"column":80},"end":{"line":47,"column":108}}],"line":47},"5":{"loc":{"start":{"line":79,"column":8},"end":{"line":86,"column":9}},"type":"if","locations":[{"start":{"line":79,"column":8},"end":{"line":86,"column":9}},{"start":{},"end":{}}],"line":79},"6":{"loc":{"start":{"line":87,"column":8},"end":{"line":94,"column":9}},"type":"if","locations":[{"start":{"line":87,"column":8},"end":{"line":94,"column":9}},{"start":{},"end":{}}],"line":87},"7":{"loc":{"start":{"line":112,"column":22},"end":{"line":112,"column":41}},"type":"binary-expr","locations":[{"start":{"line":112,"column":22},"end":{"line":112,"column":34}},{"start":{"line":112,"column":38},"end":{"line":112,"column":41}}],"line":112},"8":{"loc":{"start":{"line":112,"column":59},"end":{"line":112,"column":104}},"type":"binary-expr","locations":[{"start":{"line":112,"column":59},"end":{"line":112,"column":72}},{"start":{"line":112,"column":76},"end":{"line":112,"column":104}}],"line":112},"9":{"loc":{"start":{"line":122,"column":22},"end":{"line":122,"column":41}},"type":"binary-expr","locations":[{"start":{"line":122,"column":22},"end":{"line":122,"column":34}},{"start":{"line":122,"column":38},"end":{"line":122,"column":41}}],"line":122},"10":{"loc":{"start":{"line":122,"column":59},"end":{"line":122,"column":104}},"type":"binary-expr","locations":[{"start":{"line":122,"column":59},"end":{"line":122,"column":72}},{"start":{"line":122,"column":76},"end":{"line":122,"column":104}}],"line":122}},"s":{"0":3,"1":3,"2":3,"3":3,"4":7,"5":7,"6":7,"7":6,"8":6,"9":0,"10":6,"11":1,"12":1,"13":0,"14":1,"15":3,"16":4,"17":4,"18":3,"19":1,"20":1,"21":3,"22":0,"23":0,"24":0,"25":0,"26":0,"27":3,"28":0,"29":0,"30":0,"31":0,"32":0,"33":0,"34":3,"35":0,"36":0,"37":0,"38":0,"39":0,"40":0,"41":0,"42":0,"43":0,"44":0,"45":0,"46":0,"47":3,"48":2,"49":2,"50":1,"51":1,"52":1,"53":3,"54":0,"55":0,"56":0,"57":0,"58":0},"f":{"0":7,"1":4,"2":0,"3":0,"4":0,"5":2,"6":0},"b":{"0":[0,1],"1":[1,0],"2":[1,0],"3":[1,0],"4":[1,0],"5":[0,0],"6":[0,0],"7":[1,0],"8":[1,0],"9":[0,0],"10":[0,0]},"_coverageSchema":"1a1c01bbd47fc00a2c39e90264f33305004495a9","hash":"61f3c5d9a06f680453da70a921845f342f3dec07"}
,"C:\\Users\\JOSE LUIS\\OneDrive\\Escritorio\\PROYECTO FINAL-ANGULAR\\backend\\controllers\\datos.controller.js": {"path":"C:\\Users\\JOSE LUIS\\OneDrive\\Escritorio\\PROYECTO FINAL-ANGULAR\\backend\\controllers\\datos.controller.js","statementMap":{"0":{"start":{"line":1,"column":14},"end":{"line":1,"column":46}},"1":{"start":{"line":4,"column":0},"end":{"line":12,"column":2}},"2":{"start":{"line":5,"column":4},"end":{"line":10,"column":5}},"3":{"start":{"line":6,"column":22},"end":{"line":6,"column":40}},"4":{"start":{"line":7,"column":8},"end":{"line":7,"column":36}},"5":{"start":{"line":9,"column":8},"end":{"line":9,"column":79}},"6":{"start":{"line":14,"column":0},"end":{"line":23,"column":2}},"7":{"start":{"line":15,"column":4},"end":{"line":22,"column":5}},"8":{"start":{"line":16,"column":21},"end":{"line":16,"column":56}},"9":{"start":{"line":17,"column":8},"end":{"line":19,"column":9}},"10":{"start":{"line":18,"column":12},"end":{"line":18,"column":75}},"11":{"start":{"line":21,"column":8},"end":{"line":21,"column":77}},"12":{"start":{"line":26,"column":0},"end":{"line":34,"column":2}},"13":{"start":{"line":27,"column":4},"end":{"line":33,"column":5}},"14":{"start":{"line":28,"column":26},"end":{"line":28,"column":45}},"15":{"start":{"line":29,"column":8},"end":{"line":29,"column":31}},"16":{"start":{"line":30,"column":8},"end":{"line":30,"column":40}},"17":{"start":{"line":32,"column":8},"end":{"line":32,"column":75}},"18":{"start":{"line":37,"column":0},"end":{"line":47,"column":2}},"19":{"start":{"line":38,"column":4},"end":{"line":46,"column":5}},"20":{"start":{"line":39,"column":28},"end":{"line":39,"column":97}},"21":{"start":{"line":40,"column":8},"end":{"line":42,"column":9}},"22":{"start":{"line":41,"column":12},"end":{"line":41,"column":75}},"23":{"start":{"line":43,"column":8},"end":{"line":43,"column":42}},"24":{"start":{"line":45,"column":8},"end":{"line":45,"column":80}},"25":{"start":{"line":50,"column":0},"end":{"line":60,"column":2}},"26":{"start":{"line":51,"column":4},"end":{"line":58,"column":5}},"27":{"start":{"line":52,"column":28},"end":{"line":52,"column":72}},"28":{"start":{"line":53,"column":8},"end":{"line":55,"column":9}},"29":{"start":{"line":54,"column":12},"end":{"line":54,"column":75}},"30":{"start":{"line":57,"column":8},"end":{"line":57,"column":78}}},"fnMap":{"0":{"name":"(anonymous_0)","decl":{"start":{"line":4,"column":19},"end":{"line":4,"column":20}},"loc":{"start":{"line":4,"column":39},"end":{"line":12,"column":1}},"line":4},"1":{"name":"(anonymous_1)","decl":{"start":{"line":14,"column":22},"end":{"line":14,"column":23}},"loc":{"start":{"line":14,"column":42},"end":{"line":23,"column":1}},"line":14},"2":{"name":"(anonymous_2)","decl":{"start":{"line":26,"column":22},"end":{"line":26,"column":23}},"loc":{"start":{"line":26,"column":42},"end":{"line":34,"column":1}},"line":26},"3":{"name":"(anonymous_3)","decl":{"start":{"line":37,"column":21},"end":{"line":37,"column":22}},"loc":{"start":{"line":37,"column":41},"end":{"line":47,"column":1}},"line":37},"4":{"name":"(anonymous_4)","decl":{"start":{"line":50,"column":21},"end":{"line":50,"column":22}},"loc":{"start":{"line":50,"column":41},"end":{"line":60,"column":1}},"line":50}},"branchMap":{"0":{"loc":{"start":{"line":17,"column":8},"end":{"line":19,"column":9}},"type":"if","locations":[{"start":{"line":17,"column":8},"end":{"line":19,"column":9}},{"start":{},"end":{}}],"line":17},"1":{"loc":{"start":{"line":40,"column":8},"end":{"line":42,"column":9}},"type":"if","locations":[{"start":{"line":40,"column":8},"end":{"line":42,"column":9}},{"start":{},"end":{}}],"line":40},"2":{"loc":{"start":{"line":53,"column":8},"end":{"line":55,"column":9}},"type":"if","locations":[{"start":{"line":53,"column":8},"end":{"line":55,"column":9}},{"start":{},"end":{}}],"line":53}},"s":{"0":3,"1":3,"2":0,"3":0,"4":0,"5":0,"6":3,"7":0,"8":0,"9":0,"10":0,"11":0,"12":3,"13":0,"14":0,"15":0,"16":0,"17":0,"18":3,"19":0,"20":0,"21":0,"22":0,"23":0,"24":0,"25":3,"26":0,"27":0,"28":0,"29":0,"30":0},"f":{"0":0,"1":0,"2":0,"3":0,"4":0},"b":{"0":[0,0],"1":[0,0],"2":[0,0]},"_coverageSchema":"1a1c01bbd47fc00a2c39e90264f33305004495a9","hash":"1e3bd89628de4d1cc6e9057f624248dfc10f11e2"}
,"C:\\Users\\JOSE LUIS\\OneDrive\\Escritorio\\PROYECTO FINAL-ANGULAR\\backend\\controllers\\historias.controller.js": {"path":"C:\\Users\\JOSE LUIS\\OneDrive\\Escritorio\\PROYECTO FINAL-ANGULAR\\backend\\controllers\\historias.controller.js","statementMap":{"0":{"start":{"line":1,"column":17},"end":{"line":1,"column":56}},"1":{"start":{"line":5,"column":0},"end":{"line":13,"column":2}},"2":{"start":{"line":6,"column":4},"end":{"line":12,"column":5}},"3":{"start":{"line":7,"column":26},"end":{"line":7,"column":47}},"4":{"start":{"line":8,"column":8},"end":{"line":8,"column":28}},"5":{"start":{"line":10,"column":8},"end":{"line":10,"column":60}},"6":{"start":{"line":11,"column":8},"end":{"line":11,"column":74}},"7":{"start":{"line":16,"column":0},"end":{"line":27,"column":2}},"8":{"start":{"line":17,"column":4},"end":{"line":26,"column":5}},"9":{"start":{"line":18,"column":23},"end":{"line":18,"column":33}},"10":{"start":{"line":19,"column":25},"end":{"line":19,"column":52}},"11":{"start":{"line":20,"column":8},"end":{"line":22,"column":9}},"12":{"start":{"line":21,"column":12},"end":{"line":21,"column":77}},"13":{"start":{"line":24,"column":8},"end":{"line":24,"column":59}},"14":{"start":{"line":25,"column":8},"end":{"line":25,"column":72}},"15":{"start":{"line":32,"column":0},"end":{"line":48,"column":2}},"16":{"start":{"line":33,"column":4},"end":{"line":47,"column":5}},"17":{"start":{"line":34,"column":56},"end":{"line":34,"column":64}},"18":{"start":{"line":37,"column":8},"end":{"line":39,"column":9}},"19":{"start":{"line":38,"column":12},"end":{"line":38,"column":89}},"20":{"start":{"line":40,"column":30},"end":{"line":40,"column":83}},"21":{"start":{"line":41,"column":8},"end":{"line":41,"column":35}},"22":{"start":{"line":42,"column":8},"end":{"line":42,"column":44}},"23":{"start":{"line":45,"column":8},"end":{"line":45,"column":57}},"24":{"start":{"line":46,"column":8},"end":{"line":46,"column":70}},"25":{"start":{"line":51,"column":0},"end":{"line":68,"column":2}},"26":{"start":{"line":52,"column":4},"end":{"line":67,"column":5}},"27":{"start":{"line":53,"column":23},"end":{"line":53,"column":33}},"28":{"start":{"line":54,"column":56},"end":{"line":54,"column":64}},"29":{"start":{"line":55,"column":36},"end":{"line":60,"column":9}},"30":{"start":{"line":61,"column":8},"end":{"line":63,"column":9}},"31":{"start":{"line":62,"column":12},"end":{"line":62,"column":77}},"32":{"start":{"line":65,"column":8},"end":{"line":65,"column":62}},"33":{"start":{"line":66,"column":8},"end":{"line":66,"column":75}},"34":{"start":{"line":71,"column":0},"end":{"line":82,"column":2}},"35":{"start":{"line":72,"column":4},"end":{"line":81,"column":5}},"36":{"start":{"line":73,"column":23},"end":{"line":73,"column":33}},"37":{"start":{"line":74,"column":34},"end":{"line":74,"column":70}},"38":{"start":{"line":75,"column":8},"end":{"line":77,"column":9}},"39":{"start":{"line":76,"column":12},"end":{"line":76,"column":77}},"40":{"start":{"line":79,"column":8},"end":{"line":79,"column":60}},"41":{"start":{"line":80,"column":8},"end":{"line":80,"column":73}}},"fnMap":{"0":{"name":"(anonymous_0)","decl":{"start":{"line":5,"column":23},"end":{"line":5,"column":24}},"loc":{"start":{"line":5,"column":43},"end":{"line":13,"column":1}},"line":5},"1":{"name":"(anonymous_1)","decl":{"start":{"line":16,"column":26},"end":{"line":16,"column":27}},"loc":{"start":{"line":16,"column":46},"end":{"line":27,"column":1}},"line":16},"2":{"name":"(anonymous_2)","decl":{"start":{"line":32,"column":25},"end":{"line":32,"column":26}},"loc":{"start":{"line":32,"column":45},"end":{"line":48,"column":1}},"line":32},"3":{"name":"(anonymous_3)","decl":{"start":{"line":51,"column":25},"end":{"line":51,"column":26}},"loc":{"start":{"line":51,"column":45},"end":{"line":68,"column":1}},"line":51},"4":{"name":"(anonymous_4)","decl":{"start":{"line":71,"column":25},"end":{"line":71,"column":26}},"loc":{"start":{"line":71,"column":45},"end":{"line":82,"column":1}},"line":71}},"branchMap":{"0":{"loc":{"start":{"line":20,"column":8},"end":{"line":22,"column":9}},"type":"if","locations":[{"start":{"line":20,"column":8},"end":{"line":22,"column":9}},{"start":{},"end":{}}],"line":20},"1":{"loc":{"start":{"line":37,"column":8},"end":{"line":39,"column":9}},"type":"if","locations":[{"start":{"line":37,"column":8},"end":{"line":39,"column":9}},{"start":{},"end":{}}],"line":37},"2":{"loc":{"start":{"line":37,"column":12},"end":{"line":37,"column":57}},"type":"binary-expr","locations":[{"start":{"line":37,"column":12},"end":{"line":37,"column":19}},{"start":{"line":37,"column":23},"end":{"line":37,"column":35}},{"start":{"line":37,"column":39},"end":{"line":37,"column":46}},{"start":{"line":37,"column":50},"end":{"line":37,"column":57}}],"line":37},"3":{"loc":{"start":{"line":61,"column":8},"end":{"line":63,"column":9}},"type":"if","locations":[{"start":{"line":61,"column":8},"end":{"line":63,"column":9}},{"start":{},"end":{}}],"line":61},"4":{"loc":{"start":{"line":75,"column":8},"end":{"line":77,"column":9}},"type":"if","locations":[{"start":{"line":75,"column":8},"end":{"line":77,"column":9}},{"start":{},"end":{}}],"line":75}},"s":{"0":3,"1":3,"2":0,"3":0,"4":0,"5":0,"6":0,"7":3,"8":0,"9":0,"10":0,"11":0,"12":0,"13":0,"14":0,"15":3,"16":0,"17":0,"18":0,"19":0,"20":0,"21":0,"22":0,"23":0,"24":0,"25":3,"26":0,"27":0,"28":0,"29":0,"30":0,"31":0,"32":0,"33":0,"34":3,"35":0,"36":0,"37":0,"38":0,"39":0,"40":0,"41":0},"f":{"0":0,"1":0,"2":0,"3":0,"4":0},"b":{"0":[0,0],"1":[0,0],"2":[0,0,0,0],"3":[0,0],"4":[0,0]},"_coverageSchema":"1a1c01bbd47fc00a2c39e90264f33305004495a9","hash":"3dfe64756ad3d7eaccc8ab441ae4349fe1ac3f6f"}
,"C:\\Users\\JOSE LUIS\\OneDrive\\Escritorio\\PROYECTO FINAL-ANGULAR\\backend\\controllers\\historiasSensibles.controller.js": {"path":"C:\\Users\\JOSE LUIS\\OneDrive\\Escritorio\\PROYECTO FINAL-ANGULAR\\backend\\controllers\\historiasSensibles.controller.js","statementMap":{"0":{"start":{"line":1,"column":25},"end":{"line":1,"column":70}},"1":{"start":{"line":3,"column":0},"end":{"line":10,"column":2}},"2":{"start":{"line":4,"column":2},"end":{"line":9,"column":3}},"3":{"start":{"line":5,"column":17},"end":{"line":5,"column":70}},"4":{"start":{"line":6,"column":4},"end":{"line":6,"column":19}},"5":{"start":{"line":8,"column":4},"end":{"line":8,"column":78}},"6":{"start":{"line":12,"column":0},"end":{"line":20,"column":2}},"7":{"start":{"line":13,"column":2},"end":{"line":19,"column":3}},"8":{"start":{"line":14,"column":17},"end":{"line":14,"column":63}},"9":{"start":{"line":15,"column":4},"end":{"line":15,"column":73}},"10":{"start":{"line":15,"column":15},"end":{"line":15,"column":73}},"11":{"start":{"line":16,"column":4},"end":{"line":16,"column":19}},"12":{"start":{"line":18,"column":4},"end":{"line":18,"column":53}},"13":{"start":{"line":22,"column":0},"end":{"line":25,"column":2}},"14":{"start":{"line":23,"column":16},"end":{"line":23,"column":55}},"15":{"start":{"line":24,"column":2},"end":{"line":24,"column":30}},"16":{"start":{"line":27,"column":0},"end":{"line":31,"column":2}},"17":{"start":{"line":28,"column":14},"end":{"line":28,"column":94}},"18":{"start":{"line":29,"column":2},"end":{"line":29,"column":70}},"19":{"start":{"line":29,"column":12},"end":{"line":29,"column":70}},"20":{"start":{"line":30,"column":2},"end":{"line":30,"column":16}},"21":{"start":{"line":33,"column":0},"end":{"line":37,"column":2}},"22":{"start":{"line":34,"column":14},"end":{"line":34,"column":69}},"23":{"start":{"line":35,"column":2},"end":{"line":35,"column":70}},"24":{"start":{"line":35,"column":12},"end":{"line":35,"column":70}},"25":{"start":{"line":36,"column":2},"end":{"line":36,"column":37}}},"fnMap":{"0":{"name":"(anonymous_0)","decl":{"start":{"line":3,"column":36},"end":{"line":3,"column":37}},"loc":{"start":{"line":3,"column":56},"end":{"line":10,"column":1}},"line":3},"1":{"name":"(anonymous_1)","decl":{"start":{"line":12,"column":39},"end":{"line":12,"column":40}},"loc":{"start":{"line":12,"column":59},"end":{"line":20,"column":1}},"line":12},"2":{"name":"(anonymous_2)","decl":{"start":{"line":22,"column":32},"end":{"line":22,"column":33}},"loc":{"start":{"line":22,"column":52},"end":{"line":25,"column":1}},"line":22},"3":{"name":"(anonymous_3)","decl":{"start":{"line":27,"column":37},"end":{"line":27,"column":38}},"loc":{"start":{"line":27,"column":57},"end":{"line":31,"column":1}},"line":27},"4":{"name":"(anonymous_4)","decl":{"start":{"line":33,"column":35},"end":{"line":33,"column":36}},"loc":{"start":{"line":33,"column":55},"end":{"line":37,"column":1}},"line":33}},"branchMap":{"0":{"loc":{"start":{"line":15,"column":4},"end":{"line":15,"column":73}},"type":"if","locations":[{"start":{"line":15,"column":4},"end":{"line":15,"column":73}},{"start":{},"end":{}}],"line":15},"1":{"loc":{"start":{"line":29,"column":2},"end":{"line":29,"column":70}},"type":"if","locations":[{"start":{"line":29,"column":2},"end":{"line":29,"column":70}},{"start":{},"end":{}}],"line":29},"2":{"loc":{"start":{"line":35,"column":2},"end":{"line":35,"column":70}},"type":"if","locations":[{"start":{"line":35,"column":2},"end":{"line":35,"column":70}},{"start":{},"end":{}}],"line":35}},"s":{"0":3,"1":3,"2":0,"3":0,"4":0,"5":0,"6":3,"7":0,"8":0,"9":0,"10":0,"11":0,"12":0,"13":3,"14":0,"15":0,"16":3,"17":0,"18":0,"19":0,"20":0,"21":3,"22":0,"23":0,"24":0,"25":0},"f":{"0":0,"1":0,"2":0,"3":0,"4":0},"b":{"0":[0,0],"1":[0,0],"2":[0,0]},"_coverageSchema":"1a1c01bbd47fc00a2c39e90264f33305004495a9","hash":"91def93bbe870403eb1a89b77f939dd40c6c9d2b"}
,"C:\\Users\\JOSE LUIS\\OneDrive\\Escritorio\\PROYECTO FINAL-ANGULAR\\backend\\controllers\\index.controller.js": {"path":"C:\\Users\\JOSE LUIS\\OneDrive\\Escritorio\\PROYECTO FINAL-ANGULAR\\backend\\controllers\\index.controller.js","statementMap":{"0":{"start":{"line":1,"column":17},"end":{"line":1,"column":49}},"1":{"start":{"line":5,"column":0},"end":{"line":12,"column":2}},"2":{"start":{"line":6,"column":4},"end":{"line":11,"column":5}},"3":{"start":{"line":7,"column":31},"end":{"line":7,"column":52}},"4":{"start":{"line":8,"column":8},"end":{"line":8,"column":44}},"5":{"start":{"line":10,"column":8},"end":{"line":10,"column":96}},"6":{"start":{"line":15,"column":0},"end":{"line":23,"column":2}},"7":{"start":{"line":16,"column":4},"end":{"line":22,"column":5}},"8":{"start":{"line":17,"column":22},"end":{"line":17,"column":44}},"9":{"start":{"line":18,"column":8},"end":{"line":18,"column":27}},"10":{"start":{"line":19,"column":8},"end":{"line":19,"column":36}},"11":{"start":{"line":21,"column":8},"end":{"line":21,"column":93}},"12":{"start":{"line":25,"column":0},"end":{"line":49,"column":2}},"13":{"start":{"line":26,"column":2},"end":{"line":48,"column":3}},"14":{"start":{"line":27,"column":19},"end":{"line":27,"column":29}},"15":{"start":{"line":29,"column":24},"end":{"line":33,"column":5}},"16":{"start":{"line":35,"column":4},"end":{"line":39,"column":5}},"17":{"start":{"line":36,"column":6},"end":{"line":38,"column":9}},"18":{"start":{"line":41,"column":4},"end":{"line":41,"column":45}},"19":{"start":{"line":44,"column":4},"end":{"line":47,"column":7}},"20":{"start":{"line":52,"column":0},"end":{"line":63,"column":2}},"21":{"start":{"line":53,"column":4},"end":{"line":62,"column":5}},"22":{"start":{"line":54,"column":23},"end":{"line":54,"column":33}},"23":{"start":{"line":55,"column":26},"end":{"line":55,"column":62}},"24":{"start":{"line":56,"column":8},"end":{"line":58,"column":9}},"25":{"start":{"line":57,"column":12},"end":{"line":57,"column":92}},"26":{"start":{"line":59,"column":8},"end":{"line":59,"column":91}},"27":{"start":{"line":61,"column":8},"end":{"line":61,"column":95}}},"fnMap":{"0":{"name":"(anonymous_0)","decl":{"start":{"line":5,"column":26},"end":{"line":5,"column":27}},"loc":{"start":{"line":5,"column":46},"end":{"line":12,"column":1}},"line":5},"1":{"name":"(anonymous_1)","decl":{"start":{"line":15,"column":26},"end":{"line":15,"column":27}},"loc":{"start":{"line":15,"column":46},"end":{"line":23,"column":1}},"line":15},"2":{"name":"(anonymous_2)","decl":{"start":{"line":25,"column":29},"end":{"line":25,"column":30}},"loc":{"start":{"line":25,"column":49},"end":{"line":49,"column":1}},"line":25},"3":{"name":"(anonymous_3)","decl":{"start":{"line":52,"column":27},"end":{"line":52,"column":28}},"loc":{"start":{"line":52,"column":47},"end":{"line":63,"column":1}},"line":52}},"branchMap":{"0":{"loc":{"start":{"line":35,"column":4},"end":{"line":39,"column":5}},"type":"if","locations":[{"start":{"line":35,"column":4},"end":{"line":39,"column":5}},{"start":{},"end":{}}],"line":35},"1":{"loc":{"start":{"line":56,"column":8},"end":{"line":58,"column":9}},"type":"if","locations":[{"start":{"line":56,"column":8},"end":{"line":58,"column":9}},{"start":{},"end":{}}],"line":56}},"s":{"0":3,"1":3,"2":0,"3":0,"4":0,"5":0,"6":3,"7":0,"8":0,"9":0,"10":0,"11":0,"12":3,"13":0,"14":0,"15":0,"16":0,"17":0,"18":0,"19":0,"20":3,"21":0,"22":0,"23":0,"24":0,"25":0,"26":0,"27":0},"f":{"0":0,"1":0,"2":0,"3":0},"b":{"0":[0,0],"1":[0,0]},"_coverageSchema":"1a1c01bbd47fc00a2c39e90264f33305004495a9","hash":"d33f4efe011d81004e628a1f053f3faa4ad5781f"}
,"C:\\Users\\JOSE LUIS\\OneDrive\\Escritorio\\PROYECTO FINAL-ANGULAR\\backend\\controllers\\jugador.controller.js": {"path":"C:\\Users\\JOSE LUIS\\OneDrive\\Escritorio\\PROYECTO FINAL-ANGULAR\\backend\\controllers\\jugador.controller.js","statementMap":{"0":{"start":{"line":1,"column":16},"end":{"line":1,"column":50}},"1":{"start":{"line":5,"column":0},"end":{"line":40,"column":2}},"2":{"start":{"line":6,"column":4},"end":{"line":39,"column":5}},"3":{"start":{"line":7,"column":59},"end":{"line":7,"column":67}},"4":{"start":{"line":10,"column":8},"end":{"line":12,"column":9}},"5":{"start":{"line":11,"column":12},"end":{"line":11,"column":80}},"6":{"start":{"line":14,"column":8},"end":{"line":18,"column":9}},"7":{"start":{"line":15,"column":12},"end":{"line":17,"column":15}},"8":{"start":{"line":21,"column":24},"end":{"line":27,"column":10}},"9":{"start":{"line":29,"column":8},"end":{"line":29,"column":29}},"10":{"start":{"line":31,"column":8},"end":{"line":34,"column":11}},"11":{"start":{"line":37,"column":8},"end":{"line":37,"column":56}},"12":{"start":{"line":38,"column":8},"end":{"line":38,"column":69}},"13":{"start":{"line":44,"column":0},"end":{"line":53,"column":2}},"14":{"start":{"line":45,"column":4},"end":{"line":52,"column":5}},"15":{"start":{"line":46,"column":26},"end":{"line":46,"column":46}},"16":{"start":{"line":48,"column":8},"end":{"line":48,"column":28}},"17":{"start":{"line":50,"column":8},"end":{"line":50,"column":60}},"18":{"start":{"line":51,"column":8},"end":{"line":51,"column":74}},"19":{"start":{"line":57,"column":0},"end":{"line":71,"column":2}},"20":{"start":{"line":58,"column":4},"end":{"line":70,"column":5}},"21":{"start":{"line":59,"column":24},"end":{"line":59,"column":61}},"22":{"start":{"line":61,"column":8},"end":{"line":63,"column":9}},"23":{"start":{"line":62,"column":12},"end":{"line":62,"column":76}},"24":{"start":{"line":65,"column":8},"end":{"line":65,"column":26}},"25":{"start":{"line":68,"column":8},"end":{"line":68,"column":58}},"26":{"start":{"line":69,"column":8},"end":{"line":69,"column":71}},"27":{"start":{"line":75,"column":0},"end":{"line":92,"column":2}},"28":{"start":{"line":76,"column":4},"end":{"line":91,"column":5}},"29":{"start":{"line":77,"column":26},"end":{"line":79,"column":10}},"30":{"start":{"line":81,"column":8},"end":{"line":85,"column":9}},"31":{"start":{"line":82,"column":12},"end":{"line":84,"column":15}},"32":{"start":{"line":87,"column":8},"end":{"line":87,"column":31}},"33":{"start":{"line":89,"column":8},"end":{"line":89,"column":71}},"34":{"start":{"line":90,"column":8},"end":{"line":90,"column":81}},"35":{"start":{"line":95,"column":0},"end":{"line":118,"column":2}},"36":{"start":{"line":96,"column":4},"end":{"line":117,"column":5}},"37":{"start":{"line":97,"column":24},"end":{"line":97,"column":61}},"38":{"start":{"line":99,"column":8},"end":{"line":101,"column":9}},"39":{"start":{"line":100,"column":12},"end":{"line":100,"column":76}},"40":{"start":{"line":103,"column":31},"end":{"line":107,"column":9}},"41":{"start":{"line":109,"column":8},"end":{"line":112,"column":11}},"42":{"start":{"line":115,"column":8},"end":{"line":115,"column":61}},"43":{"start":{"line":116,"column":8},"end":{"line":116,"column":74}},"44":{"start":{"line":122,"column":0},"end":{"line":138,"column":2}},"45":{"start":{"line":123,"column":4},"end":{"line":137,"column":5}},"46":{"start":{"line":124,"column":24},"end":{"line":124,"column":61}},"47":{"start":{"line":126,"column":8},"end":{"line":128,"column":9}},"48":{"start":{"line":127,"column":12},"end":{"line":127,"column":76}},"49":{"start":{"line":130,"column":8},"end":{"line":130,"column":55}},"50":{"start":{"line":132,"column":8},"end":{"line":132,"column":64}},"51":{"start":{"line":135,"column":8},"end":{"line":135,"column":59}},"52":{"start":{"line":136,"column":8},"end":{"line":136,"column":72}}},"fnMap":{"0":{"name":"(anonymous_0)","decl":{"start":{"line":5,"column":24},"end":{"line":5,"column":25}},"loc":{"start":{"line":5,"column":44},"end":{"line":40,"column":1}},"line":5},"1":{"name":"(anonymous_1)","decl":{"start":{"line":44,"column":23},"end":{"line":44,"column":24}},"loc":{"start":{"line":44,"column":43},"end":{"line":53,"column":1}},"line":44},"2":{"name":"(anonymous_2)","decl":{"start":{"line":57,"column":25},"end":{"line":57,"column":26}},"loc":{"start":{"line":57,"column":45},"end":{"line":71,"column":1}},"line":57},"3":{"name":"(anonymous_3)","decl":{"start":{"line":75,"column":27},"end":{"line":75,"column":28}},"loc":{"start":{"line":75,"column":47},"end":{"line":92,"column":1}},"line":75},"4":{"name":"(anonymous_4)","decl":{"start":{"line":95,"column":24},"end":{"line":95,"column":25}},"loc":{"start":{"line":95,"column":44},"end":{"line":118,"column":1}},"line":95},"5":{"name":"(anonymous_5)","decl":{"start":{"line":122,"column":24},"end":{"line":122,"column":25}},"loc":{"start":{"line":122,"column":44},"end":{"line":138,"column":1}},"line":122}},"branchMap":{"0":{"loc":{"start":{"line":10,"column":8},"end":{"line":12,"column":9}},"type":"if","locations":[{"start":{"line":10,"column":8},"end":{"line":12,"column":9}},{"start":{},"end":{}}],"line":10},"1":{"loc":{"start":{"line":14,"column":8},"end":{"line":18,"column":9}},"type":"if","locations":[{"start":{"line":14,"column":8},"end":{"line":18,"column":9}},{"start":{},"end":{}}],"line":14},"2":{"loc":{"start":{"line":14,"column":12},"end":{"line":14,"column":52}},"type":"binary-expr","locations":[{"start":{"line":14,"column":12},"end":{"line":14,"column":19}},{"start":{"line":14,"column":23},"end":{"line":14,"column":30}},{"start":{"line":14,"column":34},"end":{"line":14,"column":41}},{"start":{"line":14,"column":45},"end":{"line":14,"column":52}}],"line":14},"3":{"loc":{"start":{"line":61,"column":8},"end":{"line":63,"column":9}},"type":"if","locations":[{"start":{"line":61,"column":8},"end":{"line":63,"column":9}},{"start":{},"end":{}}],"line":61},"4":{"loc":{"start":{"line":81,"column":8},"end":{"line":85,"column":9}},"type":"if","locations":[{"start":{"line":81,"column":8},"end":{"line":85,"column":9}},{"start":{},"end":{}}],"line":81},"5":{"loc":{"start":{"line":81,"column":12},"end":{"line":81,"column":48}},"type":"binary-expr","locations":[{"start":{"line":81,"column":12},"end":{"line":81,"column":22}},{"start":{"line":81,"column":26},"end":{"line":81,"column":48}}],"line":81},"6":{"loc":{"start":{"line":99,"column":8},"end":{"line":101,"column":9}},"type":"if","locations":[{"start":{"line":99,"column":8},"end":{"line":101,"column":9}},{"start":{},"end":{}}],"line":99},"7":{"loc":{"start":{"line":126,"column":8},"end":{"line":128,"column":9}},"type":"if","locations":[{"start":{"line":126,"column":8},"end":{"line":128,"column":9}},{"start":{},"end":{}}],"line":126}},"s":{"0":3,"1":3,"2":5,"3":5,"4":5,"5":1,"6":4,"7":1,"8":3,"9":3,"10":3,"11":0,"12":0,"13":3,"14":0,"15":0,"16":0,"17":0,"18":0,"19":3,"20":0,"21":0,"22":0,"23":0,"24":0,"25":0,"26":0,"27":3,"28":0,"29":0,"30":0,"31":0,"32":0,"33":0,"34":0,"35":3,"36":2,"37":2,"38":2,"39":1,"40":1,"41":1,"42":0,"43":0,"44":3,"45":2,"46":2,"47":2,"48":1,"49":1,"50":1,"51":0,"52":0},"f":{"0":5,"1":0,"2":0,"3":0,"4":2,"5":2},"b":{"0":[1,4],"1":[1,3],"2":[4,3,3,3],"3":[0,0],"4":[0,0],"5":[0,0],"6":[1,1],"7":[1,1]},"_coverageSchema":"1a1c01bbd47fc00a2c39e90264f33305004495a9","hash":"3460afe9ad89799d58376a3c529a9e67a629a9f7"}
,"C:\\Users\\JOSE LUIS\\OneDrive\\Escritorio\\PROYECTO FINAL-ANGULAR\\backend\\middleware\\backend.authmiddleware.js": {"path":"C:\\Users\\JOSE LUIS\\OneDrive\\Escritorio\\PROYECTO FINAL-ANGULAR\\backend\\middleware\\backend.authmiddleware.js","statementMap":{"0":{"start":{"line":1,"column":12},"end":{"line":1,"column":35}},"1":{"start":{"line":5,"column":17},"end":{"line":5,"column":79}},"2":{"start":{"line":6,"column":16},"end":{"line":6,"column":71}},"3":{"start":{"line":8,"column":2},"end":{"line":10,"column":3}},"4":{"start":{"line":9,"column":4},"end":{"line":9,"column":89}},"5":{"start":{"line":12,"column":2},"end":{"line":18,"column":3}},"6":{"start":{"line":13,"column":20},"end":{"line":13,"column":61}},"7":{"start":{"line":14,"column":4},"end":{"line":14,"column":23}},"8":{"start":{"line":15,"column":4},"end":{"line":15,"column":11}},"9":{"start":{"line":17,"column":4},"end":{"line":17,"column":91}},"10":{"start":{"line":22,"column":2},"end":{"line":24,"column":3}},"11":{"start":{"line":23,"column":4},"end":{"line":23,"column":87}},"12":{"start":{"line":25,"column":2},"end":{"line":25,"column":9}},"13":{"start":{"line":28,"column":0},"end":{"line":28,"column":45}}},"fnMap":{"0":{"name":"authRequired","decl":{"start":{"line":4,"column":9},"end":{"line":4,"column":21}},"loc":{"start":{"line":4,"column":38},"end":{"line":19,"column":1}},"line":4},"1":{"name":"adminOnly","decl":{"start":{"line":21,"column":9},"end":{"line":21,"column":18}},"loc":{"start":{"line":21,"column":35},"end":{"line":26,"column":1}},"line":21}},"branchMap":{"0":{"loc":{"start":{"line":5,"column":17},"end":{"line":5,"column":79}},"type":"binary-expr","locations":[{"start":{"line":5,"column":17},"end":{"line":5,"column":42}},{"start":{"line":5,"column":46},"end":{"line":5,"column":73}},{"start":{"line":5,"column":77},"end":{"line":5,"column":79}}],"line":5},"1":{"loc":{"start":{"line":6,"column":16},"end":{"line":6,"column":71}},"type":"cond-expr","locations":[{"start":{"line":6,"column":47},"end":{"line":6,"column":62}},{"start":{"line":6,"column":65},"end":{"line":6,"column":71}}],"line":6},"2":{"loc":{"start":{"line":8,"column":2},"end":{"line":10,"column":3}},"type":"if","locations":[{"start":{"line":8,"column":2},"end":{"line":10,"column":3}},{"start":{},"end":{}}],"line":8},"3":{"loc":{"start":{"line":22,"column":2},"end":{"line":24,"column":3}},"type":"if","locations":[{"start":{"line":22,"column":2},"end":{"line":24,"column":3}},{"start":{},"end":{}}],"line":22}},"s":{"0":3,"1":0,"2":0,"3":0,"4":0,"5":0,"6":0,"7":0,"8":0,"9":0,"10":0,"11":0,"12":0,"13":3},"f":{"0":0,"1":0},"b":{"0":[0,0,0],"1":[0,0],"2":[0,0],"3":[0,0]},"_coverageSchema":"1a1c01bbd47fc00a2c39e90264f33305004495a9","hash":"c952f2296a658c42c5feb43cbd7e9218e4692390"}
,"C:\\Users\\JOSE LUIS\\OneDrive\\Escritorio\\PROYECTO FINAL-ANGULAR\\backend\\models\\backend.model.js": {"path":"C:\\Users\\JOSE LUIS\\OneDrive\\Escritorio\\PROYECTO FINAL-ANGULAR\\backend\\models\\backend.model.js","statementMap":{"0":{"start":{"line":1,"column":17},"end":{"line":1,"column":36}},"1":{"start":{"line":3,"column":19},"end":{"line":15,"column":2}},"2":{"start":{"line":17,"column":0},"end":{"line":17,"column":52}}},"fnMap":{},"branchMap":{},"s":{"0":3,"1":3,"2":3},"f":{},"b":{},"_coverageSchema":"1a1c01bbd47fc00a2c39e90264f33305004495a9","hash":"ef8e1fca4ba23b761febda0560f28046ed39b0c2"}
,"C:\\Users\\JOSE LUIS\\OneDrive\\Escritorio\\PROYECTO FINAL-ANGULAR\\backend\\models\\datos.model.js": {"path":"C:\\Users\\JOSE LUIS\\OneDrive\\Escritorio\\PROYECTO FINAL-ANGULAR\\backend\\models\\datos.model.js","statementMap":{"0":{"start":{"line":1,"column":18},"end":{"line":1,"column":37}},"1":{"start":{"line":3,"column":20},"end":{"line":7,"column":2}},"2":{"start":{"line":9,"column":0},"end":{"line":9,"column":55}}},"fnMap":{},"branchMap":{},"s":{"0":3,"1":3,"2":3},"f":{},"b":{},"_coverageSchema":"1a1c01bbd47fc00a2c39e90264f33305004495a9","hash":"3787220b620556fe7cdf1d5ff9c7b3e8526a7308"}
,"C:\\Users\\JOSE LUIS\\OneDrive\\Escritorio\\PROYECTO FINAL-ANGULAR\\backend\\models\\historias.model.js": {"path":"C:\\Users\\JOSE LUIS\\OneDrive\\Escritorio\\PROYECTO FINAL-ANGULAR\\backend\\models\\historias.model.js","statementMap":{"0":{"start":{"line":1,"column":17},"end":{"line":1,"column":36}},"1":{"start":{"line":3,"column":24},"end":{"line":8,"column":2}},"2":{"start":{"line":10,"column":0},"end":{"line":10,"column":61}}},"fnMap":{},"branchMap":{},"s":{"0":3,"1":3,"2":3},"f":{},"b":{},"_coverageSchema":"1a1c01bbd47fc00a2c39e90264f33305004495a9","hash":"626c1b7e18d8a8311173e4df6ec9a0d32df05b72"}
,"C:\\Users\\JOSE LUIS\\OneDrive\\Escritorio\\PROYECTO FINAL-ANGULAR\\backend\\models\\historiasSensibles.model.js": {"path":"C:\\Users\\JOSE LUIS\\OneDrive\\Escritorio\\PROYECTO FINAL-ANGULAR\\backend\\models\\historiasSensibles.model.js","statementMap":{"0":{"start":{"line":1,"column":17},"end":{"line":1,"column":36}},"1":{"start":{"line":3,"column":31},"end":{"line":13,"column":1}},"2":{"start":{"line":15,"column":0},"end":{"line":15,"column":76}}},"fnMap":{},"branchMap":{},"s":{"0":3,"1":3,"2":3},"f":{},"b":{},"_coverageSchema":"1a1c01bbd47fc00a2c39e90264f33305004495a9","hash":"8755423ebda6a4869c2fad8f49d865fc62e49555"}
,"C:\\Users\\JOSE LUIS\\OneDrive\\Escritorio\\PROYECTO FINAL-ANGULAR\\backend\\models\\index.model.js": {"path":"C:\\Users\\JOSE LUIS\\OneDrive\\Escritorio\\PROYECTO FINAL-ANGULAR\\backend\\models\\index.model.js","statementMap":{"0":{"start":{"line":1,"column":17},"end":{"line":1,"column":36}},"1":{"start":{"line":3,"column":23},"end":{"line":8,"column":2}},"2":{"start":{"line":10,"column":0},"end":{"line":10,"column":60}}},"fnMap":{},"branchMap":{},"s":{"0":3,"1":3,"2":3},"f":{},"b":{},"_coverageSchema":"1a1c01bbd47fc00a2c39e90264f33305004495a9","hash":"4944ebe2a637f2d3c49cfd02b2d1551e05386e52"}
,"C:\\Users\\JOSE LUIS\\OneDrive\\Escritorio\\PROYECTO FINAL-ANGULAR\\backend\\models\\jugador.model.js": {"path":"C:\\Users\\JOSE LUIS\\OneDrive\\Escritorio\\PROYECTO FINAL-ANGULAR\\backend\\models\\jugador.model.js","statementMap":{"0":{"start":{"line":1,"column":17},"end":{"line":1,"column":36}},"1":{"start":{"line":3,"column":22},"end":{"line":9,"column":2}},"2":{"start":{"line":11,"column":0},"end":{"line":11,"column":58}}},"fnMap":{},"branchMap":{},"s":{"0":3,"1":3,"2":3},"f":{},"b":{},"_coverageSchema":"1a1c01bbd47fc00a2c39e90264f33305004495a9","hash":"fe05f9e745f5e3d532f854f2c1efb28cc94b8689"}
,"C:\\Users\\JOSE LUIS\\OneDrive\\Escritorio\\PROYECTO FINAL-ANGULAR\\backend\\routes\\backend.routes.js": {"path":"C:\\Users\\JOSE LUIS\\OneDrive\\Escritorio\\PROYECTO FINAL-ANGULAR\\backend\\routes\\backend.routes.js","statementMap":{"0":{"start":{"line":1,"column":16},"end":{"line":1,"column":34}},"1":{"start":{"line":2,"column":15},"end":{"line":2,"column":31}},"2":{"start":{"line":13,"column":4},"end":{"line":13,"column":48}},"3":{"start":{"line":15,"column":25},"end":{"line":15,"column":72}},"4":{"start":{"line":18,"column":0},"end":{"line":18,"column":36}},"5":{"start":{"line":19,"column":0},"end":{"line":19,"column":30}},"6":{"start":{"line":20,"column":0},"end":{"line":20,"column":56}},"7":{"start":{"line":21,"column":0},"end":{"line":21,"column":34}},"8":{"start":{"line":22,"column":0},"end":{"line":22,"column":43}},"9":{"start":{"line":26,"column":0},"end":{"line":26,"column":38}},"10":{"start":{"line":27,"column":0},"end":{"line":27,"column":38}},"11":{"start":{"line":29,"column":0},"end":{"line":31,"column":3}},"12":{"start":{"line":30,"column":2},"end":{"line":30,"column":78}},"13":{"start":{"line":33,"column":0},"end":{"line":33,"column":24}}},"fnMap":{"0":{"name":"(anonymous_0)","decl":{"start":{"line":29,"column":36},"end":{"line":29,"column":37}},"loc":{"start":{"line":29,"column":50},"end":{"line":31,"column":1}},"line":29}},"branchMap":{},"s":{"0":3,"1":3,"2":3,"3":3,"4":3,"5":3,"6":3,"7":3,"8":3,"9":3,"10":3,"11":3,"12":0,"13":3},"f":{"0":0},"b":{},"_coverageSchema":"1a1c01bbd47fc00a2c39e90264f33305004495a9","hash":"53325124add43da83bc9b5b09da963b733d8cae3"}
,"C:\\Users\\JOSE LUIS\\OneDrive\\Escritorio\\PROYECTO FINAL-ANGULAR\\backend\\routes\\datos.routes.js": {"path":"C:\\Users\\JOSE LUIS\\OneDrive\\Escritorio\\PROYECTO FINAL-ANGULAR\\backend\\routes\\datos.routes.js","statementMap":{"0":{"start":{"line":1,"column":16},"end":{"line":1,"column":34}},"1":{"start":{"line":2,"column":15},"end":{"line":2,"column":31}},"2":{"start":{"line":3,"column":24},"end":{"line":3,"column":66}},"3":{"start":{"line":5,"column":0},"end":{"line":5,"column":42}},"4":{"start":{"line":6,"column":0},"end":{"line":6,"column":48}},"5":{"start":{"line":7,"column":0},"end":{"line":7,"column":46}},"6":{"start":{"line":8,"column":0},"end":{"line":8,"column":47}},"7":{"start":{"line":9,"column":0},"end":{"line":9,"column":50}},"8":{"start":{"line":11,"column":0},"end":{"line":11,"column":24}}},"fnMap":{},"branchMap":{},"s":{"0":3,"1":3,"2":3,"3":3,"4":3,"5":3,"6":3,"7":3,"8":3},"f":{},"b":{},"_coverageSchema":"1a1c01bbd47fc00a2c39e90264f33305004495a9","hash":"f30267ac50fcf209ccfadbcf4d4701b7a38221d7"}
,"C:\\Users\\JOSE LUIS\\OneDrive\\Escritorio\\PROYECTO FINAL-ANGULAR\\backend\\routes\\historias.routes.js": {"path":"C:\\Users\\JOSE LUIS\\OneDrive\\Escritorio\\PROYECTO FINAL-ANGULAR\\backend\\routes\\historias.routes.js","statementMap":{"0":{"start":{"line":1,"column":16},"end":{"line":1,"column":34}},"1":{"start":{"line":2,"column":15},"end":{"line":2,"column":31}},"2":{"start":{"line":3,"column":28},"end":{"line":3,"column":77}},"3":{"start":{"line":4,"column":36},"end":{"line":4,"column":86}},"4":{"start":{"line":7,"column":0},"end":{"line":7,"column":50}},"5":{"start":{"line":8,"column":0},"end":{"line":8,"column":56}},"6":{"start":{"line":12,"column":0},"end":{"line":12,"column":78}},"7":{"start":{"line":13,"column":0},"end":{"line":13,"column":80}},"8":{"start":{"line":14,"column":0},"end":{"line":14,"column":83}},"9":{"start":{"line":16,"column":0},"end":{"line":16,"column":24}}},"fnMap":{},"branchMap":{},"s":{"0":3,"1":3,"2":3,"3":3,"4":3,"5":3,"6":3,"7":3,"8":3,"9":3},"f":{},"b":{},"_coverageSchema":"1a1c01bbd47fc00a2c39e90264f33305004495a9","hash":"8a4f72951f614930732292eec48adf3fb6e2c9c6"}
,"C:\\Users\\JOSE LUIS\\OneDrive\\Escritorio\\PROYECTO FINAL-ANGULAR\\backend\\routes\\historiasSensibles.routes.js": {"path":"C:\\Users\\JOSE LUIS\\OneDrive\\Escritorio\\PROYECTO FINAL-ANGULAR\\backend\\routes\\historiasSensibles.routes.js","statementMap":{"0":{"start":{"line":1,"column":16},"end":{"line":1,"column":34}},"1":{"start":{"line":2,"column":15},"end":{"line":2,"column":31}},"2":{"start":{"line":3,"column":19},"end":{"line":3,"column":74}},"3":{"start":{"line":6,"column":0},"end":{"line":6,"column":54}},"4":{"start":{"line":7,"column":0},"end":{"line":7,"column":60}},"5":{"start":{"line":9,"column":0},"end":{"line":9,"column":52}},"6":{"start":{"line":10,"column":0},"end":{"line":10,"column":59}},"7":{"start":{"line":11,"column":0},"end":{"line":11,"column":60}},"8":{"start":{"line":13,"column":0},"end":{"line":13,"column":24}}},"fnMap":{},"branchMap":{},"s":{"0":3,"1":3,"2":3,"3":3,"4":3,"5":3,"6":3,"7":3,"8":3},"f":{},"b":{},"_coverageSchema":"1a1c01bbd47fc00a2c39e90264f33305004495a9","hash":"0b031f0b00053a44c3e17bb4e172565385ba92ed"}
,"C:\\Users\\JOSE LUIS\\OneDrive\\Escritorio\\PROYECTO FINAL-ANGULAR\\backend\\routes\\index.routes.js": {"path":"C:\\Users\\JOSE LUIS\\OneDrive\\Escritorio\\PROYECTO FINAL-ANGULAR\\backend\\routes\\index.routes.js","statementMap":{"0":{"start":{"line":1,"column":16},"end":{"line":1,"column":34}},"1":{"start":{"line":2,"column":15},"end":{"line":2,"column":31}},"2":{"start":{"line":3,"column":24},"end":{"line":3,"column":66}},"3":{"start":{"line":6,"column":0},"end":{"line":6,"column":57}},"4":{"start":{"line":7,"column":0},"end":{"line":7,"column":58}},"5":{"start":{"line":8,"column":0},"end":{"line":8,"column":64}},"6":{"start":{"line":9,"column":0},"end":{"line":9,"column":65}},"7":{"start":{"line":11,"column":0},"end":{"line":11,"column":24}}},"fnMap":{},"branchMap":{},"s":{"0":3,"1":3,"2":3,"3":3,"4":3,"5":3,"6":3,"7":3},"f":{},"b":{},"_coverageSchema":"1a1c01bbd47fc00a2c39e90264f33305004495a9","hash":"72aaa4db6616befbfdfd2e473f1f2ce63272e55b"}
,"C:\\Users\\JOSE LUIS\\OneDrive\\Escritorio\\PROYECTO FINAL-ANGULAR\\backend\\routes\\jugador.routes.js": {"path":"C:\\Users\\JOSE LUIS\\OneDrive\\Escritorio\\PROYECTO FINAL-ANGULAR\\backend\\routes\\jugador.routes.js","statementMap":{"0":{"start":{"line":1,"column":16},"end":{"line":1,"column":34}},"1":{"start":{"line":2,"column":15},"end":{"line":2,"column":31}},"2":{"start":{"line":3,"column":26},"end":{"line":3,"column":70}},"3":{"start":{"line":8,"column":0},"end":{"line":8,"column":50}},"4":{"start":{"line":9,"column":0},"end":{"line":9,"column":48}},"5":{"start":{"line":10,"column":0},"end":{"line":10,"column":58}},"6":{"start":{"line":11,"column":0},"end":{"line":11,"column":53}},"7":{"start":{"line":12,"column":0},"end":{"line":12,"column":52}},"8":{"start":{"line":13,"column":0},"end":{"line":13,"column":55}},"9":{"start":{"line":15,"column":0},"end":{"line":15,"column":24}}},"fnMap":{},"branchMap":{},"s":{"0":3,"1":3,"2":3,"3":3,"4":3,"5":3,"6":3,"7":3,"8":3,"9":3},"f":{},"b":{},"_coverageSchema":"1a1c01bbd47fc00a2c39e90264f33305004495a9","hash":"afda47b17b23c5cb2c1646b7a4b6c0abd3056b42"}
,"C:\\Users\\JOSE LUIS\\OneDrive\\Escritorio\\PROYECTO FINAL-ANGULAR\\backend\\routes\\puntaje.routes.js": {"path":"C:\\Users\\JOSE LUIS\\OneDrive\\Escritorio\\PROYECTO FINAL-ANGULAR\\backend\\routes\\puntaje.routes.js","statementMap":{"0":{"start":{"line":1,"column":16},"end":{"line":1,"column":34}},"1":{"start":{"line":2,"column":15},"end":{"line":2,"column":31}},"2":{"start":{"line":4,"column":25},"end":{"line":4,"column":72}},"3":{"start":{"line":5,"column":30},"end":{"line":5,"column":74}},"4":{"start":{"line":8,"column":0},"end":{"line":8,"column":55}},"5":{"start":{"line":10,"column":0},"end":{"line":10,"column":24}}},"fnMap":{},"branchMap":{},"s":{"0":3,"1":3,"2":3,"3":3,"4":3,"5":3},"f":{},"b":{},"_coverageSchema":"1a1c01bbd47fc00a2c39e90264f33305004495a9","hash":"d268793dd6db5cef69660cf368ebb50fceddf930"}
,"C:\\Users\\JOSE LUIS\\OneDrive\\Escritorio\\PROYECTO FINAL-ANGULAR\\backend\\services\\auth.service.js": {"path":"C:\\Users\\JOSE LUIS\\OneDrive\\Escritorio\\PROYECTO FINAL-ANGULAR\\backend\\services\\auth.service.js","statementMap":{"0":{"start":{"line":1,"column":13},"end":{"line":1,"column":47}},"1":{"start":{"line":2,"column":12},"end":{"line":2,"column":35}},"2":{"start":{"line":3,"column":15},"end":{"line":3,"column":32}},"3":{"start":{"line":4,"column":28},"end":{"line":4,"column":54}},"4":{"start":{"line":8,"column":2},"end":{"line":8,"column":64}},"5":{"start":{"line":11,"column":2},"end":{"line":11,"column":64}},"6":{"start":{"line":17,"column":3},"end":{"line":21,"column":3}},"7":{"start":{"line":18,"column":18},"end":{"line":18,"column":64}},"8":{"start":{"line":19,"column":4},"end":{"line":19,"column":23}},"9":{"start":{"line":20,"column":4},"end":{"line":20,"column":16}},"10":{"start":{"line":23,"column":17},"end":{"line":23,"column":46}},"11":{"start":{"line":24,"column":2},"end":{"line":28,"column":3}},"12":{"start":{"line":25,"column":18},"end":{"line":25,"column":50}},"13":{"start":{"line":26,"column":4},"end":{"line":26,"column":23}},"14":{"start":{"line":27,"column":4},"end":{"line":27,"column":16}},"15":{"start":{"line":30,"column":18},"end":{"line":30,"column":63}},"16":{"start":{"line":31,"column":2},"end":{"line":31,"column":23}},"17":{"start":{"line":33,"column":2},"end":{"line":33,"column":17}},"18":{"start":{"line":39,"column":4},"end":{"line":43,"column":5}},"19":{"start":{"line":40,"column":22},"end":{"line":40,"column":71}},"20":{"start":{"line":41,"column":8},"end":{"line":41,"column":27}},"21":{"start":{"line":42,"column":8},"end":{"line":42,"column":20}},"22":{"start":{"line":44,"column":17},"end":{"line":44,"column":66}},"23":{"start":{"line":46,"column":4},"end":{"line":50,"column":5}},"24":{"start":{"line":47,"column":22},"end":{"line":47,"column":66}},"25":{"start":{"line":48,"column":8},"end":{"line":48,"column":27}},"26":{"start":{"line":49,"column":8},"end":{"line":49,"column":20}},"27":{"start":{"line":52,"column":22},"end":{"line":52,"column":74}},"28":{"start":{"line":54,"column":2},"end":{"line":73,"column":3}},"29":{"start":{"line":55,"column":17},"end":{"line":55,"column":26}},"30":{"start":{"line":56,"column":21},"end":{"line":56,"column":40}},"31":{"start":{"line":57,"column":22},"end":{"line":57,"column":58}},"32":{"start":{"line":59,"column":4},"end":{"line":59,"column":29}},"33":{"start":{"line":60,"column":4},"end":{"line":60,"column":38}},"34":{"start":{"line":61,"column":4},"end":{"line":61,"column":38}},"35":{"start":{"line":62,"column":4},"end":{"line":62,"column":22}},"36":{"start":{"line":66,"column":4},"end":{"line":66,"column":57}},"37":{"start":{"line":68,"column":4},"end":{"line":72,"column":6}},"38":{"start":{"line":76,"column":16},"end":{"line":80,"column":3}},"39":{"start":{"line":82,"column":2},"end":{"line":86,"column":4}},"40":{"start":{"line":91,"column":17},"end":{"line":91,"column":48}},"41":{"start":{"line":92,"column":4},"end":{"line":96,"column":5}},"42":{"start":{"line":93,"column":18},"end":{"line":93,"column":85}},"43":{"start":{"line":94,"column":6},"end":{"line":94,"column":23}},"44":{"start":{"line":95,"column":6},"end":{"line":95,"column":16}},"45":{"start":{"line":97,"column":1},"end":{"line":101,"column":3}},"46":{"start":{"line":98,"column":16},"end":{"line":98,"column":65}},"47":{"start":{"line":99,"column":4},"end":{"line":99,"column":21}},"48":{"start":{"line":100,"column":4},"end":{"line":100,"column":14}},"49":{"start":{"line":103,"column":19},"end":{"line":103,"column":33}},"50":{"start":{"line":104,"column":2},"end":{"line":108,"column":3}},"51":{"start":{"line":105,"column":16},"end":{"line":105,"column":47}},"52":{"start":{"line":106,"column":4},"end":{"line":106,"column":21}},"53":{"start":{"line":107,"column":4},"end":{"line":107,"column":14}},"54":{"start":{"line":111,"column":2},"end":{"line":111,"column":23}},"55":{"start":{"line":112,"column":2},"end":{"line":112,"column":26}},"56":{"start":{"line":113,"column":2},"end":{"line":113,"column":31}},"57":{"start":{"line":114,"column":2},"end":{"line":114,"column":26}},"58":{"start":{"line":115,"column":2},"end":{"line":115,"column":20}},"59":{"start":{"line":118,"column":16},"end":{"line":122,"column":3}},"60":{"start":{"line":124,"column":2},"end":{"line":133,"column":4}},"61":{"start":{"line":138,"column":15},"end":{"line":138,"column":47}},"62":{"start":{"line":139,"column":2},"end":{"line":143,"column":3}},"63":{"start":{"line":140,"column":16},"end":{"line":140,"column":73}},"64":{"start":{"line":141,"column":4},"end":{"line":141,"column":21}},"65":{"start":{"line":142,"column":4},"end":{"line":142,"column":14}},"66":{"start":{"line":145,"column":15},"end":{"line":145,"column":24}},"67":{"start":{"line":146,"column":2},"end":{"line":146,"column":36}},"68":{"start":{"line":147,"column":2},"end":{"line":147,"column":63}},"69":{"start":{"line":148,"column":2},"end":{"line":148,"column":20}},"70":{"start":{"line":150,"column":2},"end":{"line":150,"column":55}},"71":{"start":{"line":151,"column":2},"end":{"line":151,"column":42}},"72":{"start":{"line":157,"column":0},"end":{"line":162,"column":2}}},"fnMap":{"0":{"name":"genCode","decl":{"start":{"line":7,"column":9},"end":{"line":7,"column":16}},"loc":{"start":{"line":7,"column":19},"end":{"line":9,"column":1}},"line":7},"1":{"name":"hashCode","decl":{"start":{"line":10,"column":9},"end":{"line":10,"column":17}},"loc":{"start":{"line":10,"column":24},"end":{"line":12,"column":1}},"line":10},"2":{"name":"registerUser","decl":{"start":{"line":16,"column":15},"end":{"line":16,"column":27}},"loc":{"start":{"line":16,"column":65},"end":{"line":34,"column":1}},"line":16},"3":{"name":"loginUser","decl":{"start":{"line":38,"column":15},"end":{"line":38,"column":24}},"loc":{"start":{"line":38,"column":46},"end":{"line":87,"column":1}},"line":38},"4":{"name":"verifyMfa","decl":{"start":{"line":90,"column":16},"end":{"line":90,"column":25}},"loc":{"start":{"line":90,"column":46},"end":{"line":134,"column":1}},"line":90},"5":{"name":"resendMfaCode","decl":{"start":{"line":137,"column":15},"end":{"line":137,"column":28}},"loc":{"start":{"line":137,"column":43},"end":{"line":152,"column":1}},"line":137}},"branchMap":{"0":{"loc":{"start":{"line":17,"column":3},"end":{"line":21,"column":3}},"type":"if","locations":[{"start":{"line":17,"column":3},"end":{"line":21,"column":3}},{"start":{},"end":{}}],"line":17},"1":{"loc":{"start":{"line":17,"column":7},"end":{"line":17,"column":48}},"type":"binary-expr","locations":[{"start":{"line":17,"column":7},"end":{"line":17,"column":14}},{"start":{"line":17,"column":18},"end":{"line":17,"column":24}},{"start":{"line":17,"column":28},"end":{"line":17,"column":35}},{"start":{"line":17,"column":39},"end":{"line":17,"column":48}}],"line":17},"2":{"loc":{"start":{"line":24,"column":2},"end":{"line":28,"column":3}},"type":"if","locations":[{"start":{"line":24,"column":2},"end":{"line":28,"column":3}},{"start":{},"end":{}}],"line":24},"3":{"loc":{"start":{"line":39,"column":4},"end":{"line":43,"column":5}},"type":"if","locations":[{"start":{"line":39,"column":4},"end":{"line":43,"column":5}},{"start":{},"end":{}}],"line":39},"4":{"loc":{"start":{"line":39,"column":8},"end":{"line":39,"column":27}},"type":"binary-expr","locations":[{"start":{"line":39,"column":8},"end":{"line":39,"column":14}},{"start":{"line":39,"column":18},"end":{"line":39,"column":27}}],"line":39},"5":{"loc":{"start":{"line":46,"column":4},"end":{"line":50,"column":5}},"type":"if","locations":[{"start":{"line":46,"column":4},"end":{"line":50,"column":5}},{"start":{},"end":{}}],"line":46},"6":{"loc":{"start":{"line":46,"column":8},"end":{"line":46,"column":43}},"type":"binary-expr","locations":[{"start":{"line":46,"column":8},"end":{"line":46,"column":13}},{"start":{"line":46,"column":17},"end":{"line":46,"column":43}}],"line":46},"7":{"loc":{"start":{"line":52,"column":29},"end":{"line":52,"column":62}},"type":"binary-expr","locations":[{"start":{"line":52,"column":29},"end":{"line":52,"column":52}},{"start":{"line":52,"column":56},"end":{"line":52,"column":62}}],"line":52},"8":{"loc":{"start":{"line":54,"column":2},"end":{"line":73,"column":3}},"type":"if","locations":[{"start":{"line":54,"column":2},"end":{"line":73,"column":3}},{"start":{},"end":{}}],"line":54},"9":{"loc":{"start":{"line":92,"column":4},"end":{"line":96,"column":5}},"type":"if","locations":[{"start":{"line":92,"column":4},"end":{"line":96,"column":5}},{"start":{},"end":{}}],"line":92},"10":{"loc":{"start":{"line":97,"column":1},"end":{"line":101,"column":3}},"type":"if","locations":[{"start":{"line":97,"column":1},"end":{"line":101,"column":3}},{"start":{},"end":{}}],"line":97},"11":{"loc":{"start":{"line":97,"column":5},"end":{"line":97,"column":75}},"type":"binary-expr","locations":[{"start":{"line":97,"column":5},"end":{"line":97,"column":27}},{"start":{"line":97,"column":31},"end":{"line":97,"column":75}}],"line":97},"12":{"loc":{"start":{"line":104,"column":2},"end":{"line":108,"column":3}},"type":"if","locations":[{"start":{"line":104,"column":2},"end":{"line":108,"column":3}},{"start":{},"end":{}}],"line":104},"13":{"loc":{"start":{"line":120,"column":4},"end":{"line":120,"column":38}},"type":"binary-expr","locations":[{"start":{"line":120,"column":4},"end":{"line":120,"column":26}},{"start":{"line":120,"column":30},"end":{"line":120,"column":38}}],"line":120},"14":{"loc":{"start":{"line":139,"column":2},"end":{"line":143,"column":3}},"type":"if","locations":[{"start":{"line":139,"column":2},"end":{"line":143,"column":3}},{"start":{},"end":{}}],"line":139}},"s":{"0":3,"1":3,"2":3,"3":3,"4":2,"5":4,"6":7,"7":0,"8":0,"9":0,"10":7,"11":7,"12":1,"13":1,"14":1,"15":6,"16":6,"17":6,"18":4,"19":0,"20":0,"21":0,"22":4,"23":4,"24":1,"25":1,"26":1,"27":3,"28":3,"29":2,"30":2,"31":2,"32":2,"33":2,"34":2,"35":2,"36":2,"37":2,"38":1,"39":1,"40":2,"41":2,"42":0,"43":0,"44":0,"45":2,"46":0,"47":0,"48":0,"49":2,"50":2,"51":1,"52":1,"53":1,"54":1,"55":1,"56":1,"57":1,"58":1,"59":1,"60":1,"61":0,"62":0,"63":0,"64":0,"65":0,"66":0,"67":0,"68":0,"69":0,"70":0,"71":0,"72":3},"f":{"0":2,"1":4,"2":7,"3":4,"4":2,"5":0},"b":{"0":[0,7],"1":[7,7,7,7],"2":[1,6],"3":[0,4],"4":[4,4],"5":[1,3],"6":[4,4],"7":[3,0],"8":[2,1],"9":[0,2],"10":[0,2],"11":[2,2],"12":[1,1],"13":[1,0],"14":[0,0]},"_coverageSchema":"1a1c01bbd47fc00a2c39e90264f33305004495a9","hash":"134944a4f71117b1a725a25987c928e91846ecb0"}
,"C:\\Users\\JOSE LUIS\\OneDrive\\Escritorio\\PROYECTO FINAL-ANGULAR\\backend\\services\\email.service.js": {"path":"C:\\Users\\JOSE LUIS\\OneDrive\\Escritorio\\PROYECTO FINAL-ANGULAR\\backend\\services\\email.service.js","statementMap":{"0":{"start":{"line":1,"column":19},"end":{"line":1,"column":40}},"1":{"start":{"line":3,"column":20},"end":{"line":11,"column":2}},"2":{"start":{"line":14,"column":2},"end":{"line":14,"column":41}},"3":{"start":{"line":16,"column":2},"end":{"line":16,"column":70}},"4":{"start":{"line":16,"column":14},"end":{"line":16,"column":70}},"5":{"start":{"line":18,"column":15},"end":{"line":23,"column":4}},"6":{"start":{"line":25,"column":2},"end":{"line":25,"column":14}},"7":{"start":{"line":31,"column":2},"end":{"line":31,"column":70}},"8":{"start":{"line":31,"column":14},"end":{"line":31,"column":70}},"9":{"start":{"line":33,"column":2},"end":{"line":38,"column":5}},"10":{"start":{"line":42,"column":0},"end":{"line":45,"column":2}}},"fnMap":{"0":{"name":"enviarCorreoRegistro","decl":{"start":{"line":13,"column":15},"end":{"line":13,"column":35}},"loc":{"start":{"line":13,"column":51},"end":{"line":27,"column":1}},"line":13},"1":{"name":"enviarCorreoMfa","decl":{"start":{"line":30,"column":15},"end":{"line":30,"column":30}},"loc":{"start":{"line":30,"column":52},"end":{"line":39,"column":1}},"line":30}},"branchMap":{"0":{"loc":{"start":{"line":16,"column":2},"end":{"line":16,"column":70}},"type":"if","locations":[{"start":{"line":16,"column":2},"end":{"line":16,"column":70}},{"start":{},"end":{}}],"line":16},"1":{"loc":{"start":{"line":22,"column":29},"end":{"line":22,"column":41}},"type":"binary-expr","locations":[{"start":{"line":22,"column":29},"end":{"line":22,"column":35}},{"start":{"line":22,"column":39},"end":{"line":22,"column":41}}],"line":22},"2":{"loc":{"start":{"line":31,"column":2},"end":{"line":31,"column":70}},"type":"if","locations":[{"start":{"line":31,"column":2},"end":{"line":31,"column":70}},{"start":{},"end":{}}],"line":31},"3":{"loc":{"start":{"line":37,"column":22},"end":{"line":37,"column":34}},"type":"binary-expr","locations":[{"start":{"line":37,"column":22},"end":{"line":37,"column":28}},{"start":{"line":37,"column":32},"end":{"line":37,"column":34}}],"line":37}},"s":{"0":1,"1":1,"2":0,"3":0,"4":0,"5":0,"6":0,"7":0,"8":0,"9":0,"10":1},"f":{"0":0,"1":0},"b":{"0":[0,0],"1":[0,0],"2":[0,0],"3":[0,0]},"_coverageSchema":"1a1c01bbd47fc00a2c39e90264f33305004495a9","hash":"1310d2f72191ac1e43590d311a0e596a4d7e9780"}
}
