TN:
SF:server.js
FN:35,(anonymous_0)
FN:67,(anonymous_1)
FN:91,(anonymous_2)
FNF:3
FNH:1
FNDA:22,(anonymous_0)
FNDA:0,(anonymous_1)
FNDA:0,(anonymous_2)
DA:1,3
DA:3,3
DA:4,3
DA:6,3
DA:11,3
DA:12,3
DA:13,3
DA:15,3
DA:16,3
DA:19,3
DA:23,3
DA:34,3
DA:37,22
DA:39,0
DA:42,0
DA:49,3
DA:53,3
DA:59,3
DA:62,3
DA:63,0
DA:67,3
DA:68,0
DA:73,3
DA:75,3
DA:77,3
DA:79,3
DA:81,3
DA:83,3
DA:85,3
DA:89,3
DA:90,0
DA:91,0
DA:92,0
DA:96,3
LF:34
LH:27
BRDA:8,0,0,3
BRDA:8,0,1,0
BRDA:37,1,0,22
BRDA:37,1,1,0
BRDA:39,2,0,0
BRDA:39,2,1,0
BRDA:62,3,0,0
BRDA:62,3,1,3
BRDA:89,4,0,0
BRDA:89,4,1,3
BRDA:90,5,0,0
BRDA:90,5,1,0
BRF:12
BRH:4
end_of_record
TN:
SF:config\db.js
FN:3,(anonymous_0)
FNF:1
FNH:0
FNDA:0,(anonymous_0)
DA:1,3
DA:3,3
DA:4,0
DA:5,0
DA:8,0
DA:9,0
DA:10,0
DA:12,0
DA:13,0
DA:17,3
LF:10
LH:3
BRF:0
BRH:0
end_of_record
TN:
SF:controllers\backend.controller.js
FN:6,(anonymous_0)
FN:41,(anonymous_1)
FN:52,(anonymous_2)
FN:62,(anonymous_3)
FN:74,(anonymous_4)
FN:105,(anonymous_5)
FN:116,(anonymous_6)
FNF:7
FNH:3
FNDA:7,(anonymous_0)
FNDA:4,(anonymous_1)
FNDA:0,(anonymous_2)
FNDA:0,(anonymous_3)
FNDA:0,(anonymous_4)
FNDA:2,(anonymous_5)
FNDA:0,(anonymous_6)
DA:1,3
DA:2,3
DA:3,3
DA:6,3
DA:7,7
DA:9,7
DA:11,7
DA:14,6
DA:15,6
DA:18,0
DA:21,6
DA:27,1
DA:30,1
DA:31,0
DA:34,1
DA:41,3
DA:42,4
DA:43,4
DA:44,3
DA:46,1
DA:47,1
DA:52,3
DA:53,0
DA:54,0
DA:55,0
DA:57,0
DA:58,0
DA:62,3
DA:63,0
DA:64,0
DA:65,0
DA:66,0
DA:68,0
DA:69,0
DA:74,3
DA:75,0
DA:76,0
DA:77,0
DA:79,0
DA:80,0
DA:85,0
DA:87,0
DA:88,0
DA:93,0
DA:95,0
DA:97,0
DA:98,0
DA:105,3
DA:106,2
DA:107,2
DA:108,1
DA:111,1
DA:112,1
DA:116,3
DA:117,0
DA:118,0
DA:119,0
DA:121,0
DA:122,0
LF:59
LH:29
BRDA:30,0,0,0
BRDA:30,0,1,1
BRDA:34,1,0,1
BRDA:34,1,1,0
BRDA:35,2,0,1
BRDA:35,2,1,0
BRDA:47,3,0,1
BRDA:47,3,1,0
BRDA:47,4,0,1
BRDA:47,4,1,0
BRDA:79,5,0,0
BRDA:79,5,1,0
BRDA:87,6,0,0
BRDA:87,6,1,0
BRDA:112,7,0,1
BRDA:112,7,1,0
BRDA:112,8,0,1
BRDA:112,8,1,0
BRDA:122,9,0,0
BRDA:122,9,1,0
BRDA:122,10,0,0
BRDA:122,10,1,0
BRF:22
BRH:7
end_of_record
TN:
SF:controllers\datos.controller.js
FN:4,(anonymous_0)
FN:14,(anonymous_1)
FN:26,(anonymous_2)
FN:37,(anonymous_3)
FN:50,(anonymous_4)
FNF:5
FNH:0
FNDA:0,(anonymous_0)
FNDA:0,(anonymous_1)
FNDA:0,(anonymous_2)
FNDA:0,(anonymous_3)
FNDA:0,(anonymous_4)
DA:1,3
DA:4,3
DA:5,0
DA:6,0
DA:7,0
DA:9,0
DA:14,3
DA:15,0
DA:16,0
DA:17,0
DA:18,0
DA:21,0
DA:26,3
DA:27,0
DA:28,0
DA:29,0
DA:30,0
DA:32,0
DA:37,3
DA:38,0
DA:39,0
DA:40,0
DA:41,0
DA:43,0
DA:45,0
DA:50,3
DA:51,0
DA:52,0
DA:53,0
DA:54,0
DA:57,0
LF:31
LH:6
BRDA:17,0,0,0
BRDA:17,0,1,0
BRDA:40,1,0,0
BRDA:40,1,1,0
BRDA:53,2,0,0
BRDA:53,2,1,0
BRF:6
BRH:0
end_of_record
TN:
SF:controllers\historias.controller.js
FN:5,(anonymous_0)
FN:16,(anonymous_1)
FN:32,(anonymous_2)
FN:51,(anonymous_3)
FN:71,(anonymous_4)
FNF:5
FNH:0
FNDA:0,(anonymous_0)
FNDA:0,(anonymous_1)
FNDA:0,(anonymous_2)
FNDA:0,(anonymous_3)
FNDA:0,(anonymous_4)
DA:1,3
DA:5,3
DA:6,0
DA:7,0
DA:8,0
DA:10,0
DA:11,0
DA:16,3
DA:17,0
DA:18,0
DA:19,0
DA:20,0
DA:21,0
DA:24,0
DA:25,0
DA:32,3
DA:33,0
DA:34,0
DA:37,0
DA:38,0
DA:40,0
DA:41,0
DA:42,0
DA:45,0
DA:46,0
DA:51,3
DA:52,0
DA:53,0
DA:54,0
DA:55,0
DA:61,0
DA:62,0
DA:65,0
DA:66,0
DA:71,3
DA:72,0
DA:73,0
DA:74,0
DA:75,0
DA:76,0
DA:79,0
DA:80,0
LF:42
LH:6
BRDA:20,0,0,0
BRDA:20,0,1,0
BRDA:37,1,0,0
BRDA:37,1,1,0
BRDA:37,2,0,0
BRDA:37,2,1,0
BRDA:37,2,2,0
BRDA:37,2,3,0
BRDA:61,3,0,0
BRDA:61,3,1,0
BRDA:75,4,0,0
BRDA:75,4,1,0
BRF:12
BRH:0
end_of_record
TN:
SF:controllers\historiasSensibles.controller.js
FN:3,(anonymous_0)
FN:12,(anonymous_1)
FN:22,(anonymous_2)
FN:27,(anonymous_3)
FN:33,(anonymous_4)
FNF:5
FNH:0
FNDA:0,(anonymous_0)
FNDA:0,(anonymous_1)
FNDA:0,(anonymous_2)
FNDA:0,(anonymous_3)
FNDA:0,(anonymous_4)
DA:1,3
DA:3,3
DA:4,0
DA:5,0
DA:6,0
DA:8,0
DA:12,3
DA:13,0
DA:14,0
DA:15,0
DA:16,0
DA:18,0
DA:22,3
DA:23,0
DA:24,0
DA:27,3
DA:28,0
DA:29,0
DA:30,0
DA:33,3
DA:34,0
DA:35,0
DA:36,0
LF:23
LH:6
BRDA:15,0,0,0
BRDA:15,0,1,0
BRDA:29,1,0,0
BRDA:29,1,1,0
BRDA:35,2,0,0
BRDA:35,2,1,0
BRF:6
BRH:0
end_of_record
TN:
SF:controllers\index.controller.js
FN:5,(anonymous_0)
FN:15,(anonymous_1)
FN:25,(anonymous_2)
FN:52,(anonymous_3)
FNF:4
FNH:0
FNDA:0,(anonymous_0)
FNDA:0,(anonymous_1)
FNDA:0,(anonymous_2)
FNDA:0,(anonymous_3)
DA:1,3
DA:5,3
DA:6,0
DA:7,0
DA:8,0
DA:10,0
DA:15,3
DA:16,0
DA:17,0
DA:18,0
DA:19,0
DA:21,0
DA:25,3
DA:26,0
DA:27,0
DA:29,0
DA:35,0
DA:36,0
DA:41,0
DA:44,0
DA:52,3
DA:53,0
DA:54,0
DA:55,0
DA:56,0
DA:57,0
DA:59,0
DA:61,0
LF:28
LH:5
BRDA:35,0,0,0
BRDA:35,0,1,0
BRDA:56,1,0,0
BRDA:56,1,1,0
BRF:4
BRH:0
end_of_record
TN:
SF:controllers\jugador.controller.js
FN:5,(anonymous_0)
FN:44,(anonymous_1)
FN:57,(anonymous_2)
FN:75,(anonymous_3)
FN:95,(anonymous_4)
FN:122,(anonymous_5)
FNF:6
FNH:3
FNDA:5,(anonymous_0)
FNDA:0,(anonymous_1)
FNDA:0,(anonymous_2)
FNDA:0,(anonymous_3)
FNDA:2,(anonymous_4)
FNDA:2,(anonymous_5)
DA:1,3
DA:5,3
DA:6,5
DA:7,5
DA:10,5
DA:11,1
DA:14,4
DA:15,1
DA:21,3
DA:29,3
DA:31,3
DA:37,0
DA:38,0
DA:44,3
DA:45,0
DA:46,0
DA:48,0
DA:50,0
DA:51,0
DA:57,3
DA:58,0
DA:59,0
DA:61,0
DA:62,0
DA:65,0
DA:68,0
DA:69,0
DA:75,3
DA:76,0
DA:77,0
DA:81,0
DA:82,0
DA:87,0
DA:89,0
DA:90,0
DA:95,3
DA:96,2
DA:97,2
DA:99,2
DA:100,1
DA:103,1
DA:109,1
DA:115,0
DA:116,0
DA:122,3
DA:123,2
DA:124,2
DA:126,2
DA:127,1
DA:130,1
DA:132,1
DA:135,0
DA:136,0
LF:53
LH:28
BRDA:10,0,0,1
BRDA:10,0,1,4
BRDA:14,1,0,1
BRDA:14,1,1,3
BRDA:14,2,0,4
BRDA:14,2,1,3
BRDA:14,2,2,3
BRDA:14,2,3,3
BRDA:61,3,0,0
BRDA:61,3,1,0
BRDA:81,4,0,0
BRDA:81,4,1,0
BRDA:81,5,0,0
BRDA:81,5,1,0
BRDA:99,6,0,1
BRDA:99,6,1,1
BRDA:126,7,0,1
BRDA:126,7,1,1
BRF:18
BRH:12
end_of_record
TN:
SF:middleware\backend.authmiddleware.js
FN:4,authRequired
FN:21,adminOnly
FNF:2
FNH:0
FNDA:0,authRequired
FNDA:0,adminOnly
DA:1,3
DA:5,0
DA:6,0
DA:8,0
DA:9,0
DA:12,0
DA:13,0
DA:14,0
DA:15,0
DA:17,0
DA:22,0
DA:23,0
DA:25,0
DA:28,3
LF:14
LH:2
BRDA:5,0,0,0
BRDA:5,0,1,0
BRDA:5,0,2,0
BRDA:6,1,0,0
BRDA:6,1,1,0
BRDA:8,2,0,0
BRDA:8,2,1,0
BRDA:22,3,0,0
BRDA:22,3,1,0
BRF:9
BRH:0
end_of_record
TN:
SF:models\backend.model.js
FNF:0
FNH:0
DA:1,3
DA:3,3
DA:17,3
LF:3
LH:3
BRF:0
BRH:0
end_of_record
TN:
SF:models\datos.model.js
FNF:0
FNH:0
DA:1,3
DA:3,3
DA:9,3
LF:3
LH:3
BRF:0
BRH:0
end_of_record
TN:
SF:models\historias.model.js
FNF:0
FNH:0
DA:1,3
DA:3,3
DA:10,3
LF:3
LH:3
BRF:0
BRH:0
end_of_record
TN:
SF:models\historiasSensibles.model.js
FNF:0
FNH:0
DA:1,3
DA:3,3
DA:15,3
LF:3
LH:3
BRF:0
BRH:0
end_of_record
TN:
SF:models\index.model.js
FNF:0
FNH:0
DA:1,3
DA:3,3
DA:10,3
LF:3
LH:3
BRF:0
BRH:0
end_of_record
TN:
SF:models\jugador.model.js
FNF:0
FNH:0
DA:1,3
DA:3,3
DA:11,3
LF:3
LH:3
BRF:0
BRH:0
end_of_record
TN:
SF:routes\backend.routes.js
FN:29,(anonymous_0)
FNF:1
FNH:0
FNDA:0,(anonymous_0)
DA:1,3
DA:2,3
DA:13,3
DA:15,3
DA:18,3
DA:19,3
DA:20,3
DA:21,3
DA:22,3
DA:26,3
DA:27,3
DA:29,3
DA:30,0
DA:33,3
LF:14
LH:13
BRF:0
BRH:0
end_of_record
TN:
SF:routes\datos.routes.js
FNF:0
FNH:0
DA:1,3
DA:2,3
DA:3,3
DA:5,3
DA:6,3
DA:7,3
DA:8,3
DA:9,3
DA:11,3
LF:9
LH:9
BRF:0
BRH:0
end_of_record
TN:
SF:routes\historias.routes.js
FNF:0
FNH:0
DA:1,3
DA:2,3
DA:3,3
DA:4,3
DA:7,3
DA:8,3
DA:12,3
DA:13,3
DA:14,3
DA:16,3
LF:10
LH:10
BRF:0
BRH:0
end_of_record
TN:
SF:routes\historiasSensibles.routes.js
FNF:0
FNH:0
DA:1,3
DA:2,3
DA:3,3
DA:6,3
DA:7,3
DA:9,3
DA:10,3
DA:11,3
DA:13,3
LF:9
LH:9
BRF:0
BRH:0
end_of_record
TN:
SF:routes\index.routes.js
FNF:0
FNH:0
DA:1,3
DA:2,3
DA:3,3
DA:6,3
DA:7,3
DA:8,3
DA:9,3
DA:11,3
LF:8
LH:8
BRF:0
BRH:0
end_of_record
TN:
SF:routes\jugador.routes.js
FNF:0
FNH:0
DA:1,3
DA:2,3
DA:3,3
DA:8,3
DA:9,3
DA:10,3
DA:11,3
DA:12,3
DA:13,3
DA:15,3
LF:10
LH:10
BRF:0
BRH:0
end_of_record
TN:
SF:routes\puntaje.routes.js
FNF:0
FNH:0
DA:1,3
DA:2,3
DA:4,3
DA:5,3
DA:8,3
DA:10,3
LF:6
LH:6
BRF:0
BRH:0
end_of_record
TN:
SF:services\auth.service.js
FN:7,genCode
FN:10,hashCode
FN:16,registerUser
FN:38,loginUser
FN:90,verifyMfa
FN:137,resendMfaCode
FNF:6
FNH:5
FNDA:2,genCode
FNDA:4,hashCode
FNDA:7,registerUser
FNDA:4,loginUser
FNDA:2,verifyMfa
FNDA:0,resendMfaCode
DA:1,3
DA:2,3
DA:3,3
DA:4,3
DA:8,2
DA:11,4
DA:17,7
DA:18,0
DA:19,0
DA:20,0
DA:23,7
DA:24,7
DA:25,1
DA:26,1
DA:27,1
DA:30,6
DA:31,6
DA:33,6
DA:39,4
DA:40,0
DA:41,0
DA:42,0
DA:44,4
DA:46,4
DA:47,1
DA:48,1
DA:49,1
DA:52,3
DA:54,3
DA:55,2
DA:56,2
DA:57,2
DA:59,2
DA:60,2
DA:61,2
DA:62,2
DA:66,2
DA:68,2
DA:76,1
DA:82,1
DA:91,2
DA:92,2
DA:93,0
DA:94,0
DA:95,0
DA:97,2
DA:98,0
DA:99,0
DA:100,0
DA:103,2
DA:104,2
DA:105,1
DA:106,1
DA:107,1
DA:111,1
DA:112,1
DA:113,1
DA:114,1
DA:115,1
DA:118,1
DA:124,1
DA:138,0
DA:139,0
DA:140,0
DA:141,0
DA:142,0
DA:145,0
DA:146,0
DA:147,0
DA:148,0
DA:150,0
DA:151,0
DA:157,3
LF:73
LH:50
BRDA:17,0,0,0
BRDA:17,0,1,7
BRDA:17,1,0,7
BRDA:17,1,1,7
BRDA:17,1,2,7
BRDA:17,1,3,7
BRDA:24,2,0,1
BRDA:24,2,1,6
BRDA:39,3,0,0
BRDA:39,3,1,4
BRDA:39,4,0,4
BRDA:39,4,1,4
BRDA:46,5,0,1
BRDA:46,5,1,3
BRDA:46,6,0,4
BRDA:46,6,1,4
BRDA:52,7,0,3
BRDA:52,7,1,0
BRDA:54,8,0,2
BRDA:54,8,1,1
BRDA:92,9,0,0
BRDA:92,9,1,2
BRDA:97,10,0,0
BRDA:97,10,1,2
BRDA:97,11,0,2
BRDA:97,11,1,2
BRDA:104,12,0,1
BRDA:104,12,1,1
BRDA:120,13,0,1
BRDA:120,13,1,0
BRDA:139,14,0,0
BRDA:139,14,1,0
BRF:32
BRH:24
end_of_record
TN:
SF:services\email.service.js
FN:13,enviarCorreoRegistro
FN:30,enviarCorreoMfa
FNF:2
FNH:0
FNDA:0,enviarCorreoRegistro
FNDA:0,enviarCorreoMfa
DA:1,1
DA:3,1
DA:14,0
DA:16,0
DA:18,0
DA:25,0
DA:31,0
DA:33,0
DA:42,1
LF:9
LH:3
BRDA:16,0,0,0
BRDA:16,0,1,0
BRDA:22,1,0,0
BRDA:22,1,1,0
BRDA:31,2,0,0
BRDA:31,2,1,0
BRDA:37,3,0,0
BRDA:37,3,1,0
BRF:8
BRH:0
end_of_record
